

Started GET "/" for ::1 at 2016-12-21 14:48:44 -0700
  [1m[36mActiveRecord::SchemaMigration Load (0.9ms)[0m  [1mSELECT "schema_migrations".* FROM "schema_migrations"[0m

ActiveRecord::PendingMigrationError (

Migrations are pending. To resolve this issue, run:

	bin/rake db:migrate RAILS_ENV=development

):
  activerecord (4.2.6) lib/active_record/migration.rb:392:in `check_pending!'
  activerecord (4.2.6) lib/active_record/migration.rb:373:in `call'
  actionpack (4.2.6) lib/action_dispatch/middleware/callbacks.rb:29:in `block in call'
  activesupport (4.2.6) lib/active_support/callbacks.rb:88:in `__run_callbacks__'
  activesupport (4.2.6) lib/active_support/callbacks.rb:778:in `_run_call_callbacks'
  activesupport (4.2.6) lib/active_support/callbacks.rb:81:in `run_callbacks'
  actionpack (4.2.6) lib/action_dispatch/middleware/callbacks.rb:27:in `call'
  actionpack (4.2.6) lib/action_dispatch/middleware/reloader.rb:73:in `call'
  actionpack (4.2.6) lib/action_dispatch/middleware/remote_ip.rb:78:in `call'
  actionpack (4.2.6) lib/action_dispatch/middleware/debug_exceptions.rb:17:in `call'
  web-console (2.3.0) lib/web_console/middleware.rb:28:in `block in call'
  web-console (2.3.0) lib/web_console/middleware.rb:18:in `catch'
  web-console (2.3.0) lib/web_console/middleware.rb:18:in `call'
  actionpack (4.2.6) lib/action_dispatch/middleware/show_exceptions.rb:30:in `call'
  railties (4.2.6) lib/rails/rack/logger.rb:38:in `call_app'
  railties (4.2.6) lib/rails/rack/logger.rb:20:in `block in call'
  activesupport (4.2.6) lib/active_support/tagged_logging.rb:68:in `block in tagged'
  activesupport (4.2.6) lib/active_support/tagged_logging.rb:26:in `tagged'
  activesupport (4.2.6) lib/active_support/tagged_logging.rb:68:in `tagged'
  railties (4.2.6) lib/rails/rack/logger.rb:20:in `call'
  actionpack (4.2.6) lib/action_dispatch/middleware/request_id.rb:21:in `call'
  rack (1.6.4) lib/rack/methodoverride.rb:22:in `call'
  rack (1.6.4) lib/rack/runtime.rb:18:in `call'
  activesupport (4.2.6) lib/active_support/cache/strategy/local_cache_middleware.rb:28:in `call'
  rack (1.6.4) lib/rack/lock.rb:17:in `call'
  actionpack (4.2.6) lib/action_dispatch/middleware/static.rb:120:in `call'
  rack (1.6.4) lib/rack/sendfile.rb:113:in `call'
  railties (4.2.6) lib/rails/engine.rb:518:in `call'
  railties (4.2.6) lib/rails/application.rb:165:in `call'
  rack (1.6.4) lib/rack/lock.rb:17:in `call'
  rack (1.6.4) lib/rack/content_length.rb:15:in `call'
  rack (1.6.4) lib/rack/handler/webrick.rb:88:in `service'
  /Users/stephanigonzalez/.rvm/rubies/ruby-2.3.1/lib/ruby/2.3.0/webrick/httpserver.rb:140:in `service'
  /Users/stephanigonzalez/.rvm/rubies/ruby-2.3.1/lib/ruby/2.3.0/webrick/httpserver.rb:96:in `run'
  /Users/stephanigonzalez/.rvm/rubies/ruby-2.3.1/lib/ruby/2.3.0/webrick/server.rb:296:in `block in start_thread'


  Rendered /Users/stephanigonzalez/.rvm/gems/ruby-2.3.1/gems/actionpack-4.2.6/lib/action_dispatch/middleware/templates/rescues/_source.erb (3.4ms)
  Rendered /Users/stephanigonzalez/.rvm/gems/ruby-2.3.1/gems/actionpack-4.2.6/lib/action_dispatch/middleware/templates/rescues/_trace.html.erb (2.9ms)
  Rendered /Users/stephanigonzalez/.rvm/gems/ruby-2.3.1/gems/actionpack-4.2.6/lib/action_dispatch/middleware/templates/rescues/_request_and_response.html.erb (1.6ms)
  Rendered /Users/stephanigonzalez/.rvm/gems/ruby-2.3.1/gems/actionpack-4.2.6/lib/action_dispatch/middleware/templates/rescues/diagnostics.html.erb within rescues/layout (65.2ms)
  Rendered /Users/stephanigonzalez/.rvm/gems/ruby-2.3.1/gems/web-console-2.3.0/lib/web_console/templates/_markup.html.erb (0.4ms)
  Rendered /Users/stephanigonzalez/.rvm/gems/ruby-2.3.1/gems/web-console-2.3.0/lib/web_console/templates/_inner_console_markup.html.erb within layouts/inlined_string (0.3ms)
  Rendered /Users/stephanigonzalez/.rvm/gems/ruby-2.3.1/gems/web-console-2.3.0/lib/web_console/templates/_prompt_box_markup.html.erb within layouts/inlined_string (0.4ms)
  Rendered /Users/stephanigonzalez/.rvm/gems/ruby-2.3.1/gems/web-console-2.3.0/lib/web_console/templates/style.css.erb within layouts/inlined_string (0.4ms)
  Rendered /Users/stephanigonzalez/.rvm/gems/ruby-2.3.1/gems/web-console-2.3.0/lib/web_console/templates/console.js.erb within layouts/javascript (124.7ms)
  Rendered /Users/stephanigonzalez/.rvm/gems/ruby-2.3.1/gems/web-console-2.3.0/lib/web_console/templates/main.js.erb within layouts/javascript (0.5ms)
  Rendered /Users/stephanigonzalez/.rvm/gems/ruby-2.3.1/gems/web-console-2.3.0/lib/web_console/templates/error_page.js.erb within layouts/javascript (0.5ms)
  Rendered /Users/stephanigonzalez/.rvm/gems/ruby-2.3.1/gems/web-console-2.3.0/lib/web_console/templates/index.html.erb (205.6ms)


Started GET "/" for ::1 at 2016-12-21 14:48:45 -0700
  [1m[35mActiveRecord::SchemaMigration Load (0.4ms)[0m  SELECT "schema_migrations".* FROM "schema_migrations"

ActiveRecord::PendingMigrationError (

Migrations are pending. To resolve this issue, run:

	bin/rake db:migrate RAILS_ENV=development

):
  activerecord (4.2.6) lib/active_record/migration.rb:392:in `check_pending!'
  activerecord (4.2.6) lib/active_record/migration.rb:373:in `call'
  actionpack (4.2.6) lib/action_dispatch/middleware/callbacks.rb:29:in `block in call'
  activesupport (4.2.6) lib/active_support/callbacks.rb:88:in `__run_callbacks__'
  activesupport (4.2.6) lib/active_support/callbacks.rb:778:in `_run_call_callbacks'
  activesupport (4.2.6) lib/active_support/callbacks.rb:81:in `run_callbacks'
  actionpack (4.2.6) lib/action_dispatch/middleware/callbacks.rb:27:in `call'
  actionpack (4.2.6) lib/action_dispatch/middleware/reloader.rb:73:in `call'
  actionpack (4.2.6) lib/action_dispatch/middleware/remote_ip.rb:78:in `call'
  actionpack (4.2.6) lib/action_dispatch/middleware/debug_exceptions.rb:17:in `call'
  web-console (2.3.0) lib/web_console/middleware.rb:28:in `block in call'
  web-console (2.3.0) lib/web_console/middleware.rb:18:in `catch'
  web-console (2.3.0) lib/web_console/middleware.rb:18:in `call'
  actionpack (4.2.6) lib/action_dispatch/middleware/show_exceptions.rb:30:in `call'
  railties (4.2.6) lib/rails/rack/logger.rb:38:in `call_app'
  railties (4.2.6) lib/rails/rack/logger.rb:20:in `block in call'
  activesupport (4.2.6) lib/active_support/tagged_logging.rb:68:in `block in tagged'
  activesupport (4.2.6) lib/active_support/tagged_logging.rb:26:in `tagged'
  activesupport (4.2.6) lib/active_support/tagged_logging.rb:68:in `tagged'
  railties (4.2.6) lib/rails/rack/logger.rb:20:in `call'
  actionpack (4.2.6) lib/action_dispatch/middleware/request_id.rb:21:in `call'
  rack (1.6.4) lib/rack/methodoverride.rb:22:in `call'
  rack (1.6.4) lib/rack/runtime.rb:18:in `call'
  activesupport (4.2.6) lib/active_support/cache/strategy/local_cache_middleware.rb:28:in `call'
  rack (1.6.4) lib/rack/lock.rb:17:in `call'
  actionpack (4.2.6) lib/action_dispatch/middleware/static.rb:120:in `call'
  rack (1.6.4) lib/rack/sendfile.rb:113:in `call'
  railties (4.2.6) lib/rails/engine.rb:518:in `call'
  railties (4.2.6) lib/rails/application.rb:165:in `call'
  rack (1.6.4) lib/rack/lock.rb:17:in `call'
  rack (1.6.4) lib/rack/content_length.rb:15:in `call'
  rack (1.6.4) lib/rack/handler/webrick.rb:88:in `service'
  /Users/stephanigonzalez/.rvm/rubies/ruby-2.3.1/lib/ruby/2.3.0/webrick/httpserver.rb:140:in `service'
  /Users/stephanigonzalez/.rvm/rubies/ruby-2.3.1/lib/ruby/2.3.0/webrick/httpserver.rb:96:in `run'
  /Users/stephanigonzalez/.rvm/rubies/ruby-2.3.1/lib/ruby/2.3.0/webrick/server.rb:296:in `block in start_thread'


  Rendered /Users/stephanigonzalez/.rvm/gems/ruby-2.3.1/gems/actionpack-4.2.6/lib/action_dispatch/middleware/templates/rescues/_source.erb (2.3ms)
  Rendered /Users/stephanigonzalez/.rvm/gems/ruby-2.3.1/gems/actionpack-4.2.6/lib/action_dispatch/middleware/templates/rescues/_trace.html.erb (1.4ms)
  Rendered /Users/stephanigonzalez/.rvm/gems/ruby-2.3.1/gems/actionpack-4.2.6/lib/action_dispatch/middleware/templates/rescues/_request_and_response.html.erb (0.7ms)
  Rendered /Users/stephanigonzalez/.rvm/gems/ruby-2.3.1/gems/actionpack-4.2.6/lib/action_dispatch/middleware/templates/rescues/diagnostics.html.erb within rescues/layout (52.8ms)
  Rendered /Users/stephanigonzalez/.rvm/gems/ruby-2.3.1/gems/web-console-2.3.0/lib/web_console/templates/_markup.html.erb (0.3ms)
  Rendered /Users/stephanigonzalez/.rvm/gems/ruby-2.3.1/gems/web-console-2.3.0/lib/web_console/templates/_inner_console_markup.html.erb within layouts/inlined_string (0.2ms)
  Rendered /Users/stephanigonzalez/.rvm/gems/ruby-2.3.1/gems/web-console-2.3.0/lib/web_console/templates/_prompt_box_markup.html.erb within layouts/inlined_string (0.3ms)
  Rendered /Users/stephanigonzalez/.rvm/gems/ruby-2.3.1/gems/web-console-2.3.0/lib/web_console/templates/style.css.erb within layouts/inlined_string (0.3ms)
  Rendered /Users/stephanigonzalez/.rvm/gems/ruby-2.3.1/gems/web-console-2.3.0/lib/web_console/templates/console.js.erb within layouts/javascript (48.0ms)
  Rendered /Users/stephanigonzalez/.rvm/gems/ruby-2.3.1/gems/web-console-2.3.0/lib/web_console/templates/main.js.erb within layouts/javascript (0.2ms)
  Rendered /Users/stephanigonzalez/.rvm/gems/ruby-2.3.1/gems/web-console-2.3.0/lib/web_console/templates/error_page.js.erb within layouts/javascript (0.4ms)
  Rendered /Users/stephanigonzalez/.rvm/gems/ruby-2.3.1/gems/web-console-2.3.0/lib/web_console/templates/index.html.erb (108.1ms)


Started GET "/" for ::1 at 2016-12-21 14:48:51 -0700
  [1m[36mActiveRecord::SchemaMigration Load (0.2ms)[0m  [1mSELECT "schema_migrations".* FROM "schema_migrations"[0m

ActiveRecord::PendingMigrationError (

Migrations are pending. To resolve this issue, run:

	bin/rake db:migrate RAILS_ENV=development

):
  activerecord (4.2.6) lib/active_record/migration.rb:392:in `check_pending!'
  activerecord (4.2.6) lib/active_record/migration.rb:373:in `call'
  actionpack (4.2.6) lib/action_dispatch/middleware/callbacks.rb:29:in `block in call'
  activesupport (4.2.6) lib/active_support/callbacks.rb:88:in `__run_callbacks__'
  activesupport (4.2.6) lib/active_support/callbacks.rb:778:in `_run_call_callbacks'
  activesupport (4.2.6) lib/active_support/callbacks.rb:81:in `run_callbacks'
  actionpack (4.2.6) lib/action_dispatch/middleware/callbacks.rb:27:in `call'
  actionpack (4.2.6) lib/action_dispatch/middleware/reloader.rb:73:in `call'
  actionpack (4.2.6) lib/action_dispatch/middleware/remote_ip.rb:78:in `call'
  actionpack (4.2.6) lib/action_dispatch/middleware/debug_exceptions.rb:17:in `call'
  web-console (2.3.0) lib/web_console/middleware.rb:28:in `block in call'
  web-console (2.3.0) lib/web_console/middleware.rb:18:in `catch'
  web-console (2.3.0) lib/web_console/middleware.rb:18:in `call'
  actionpack (4.2.6) lib/action_dispatch/middleware/show_exceptions.rb:30:in `call'
  railties (4.2.6) lib/rails/rack/logger.rb:38:in `call_app'
  railties (4.2.6) lib/rails/rack/logger.rb:20:in `block in call'
  activesupport (4.2.6) lib/active_support/tagged_logging.rb:68:in `block in tagged'
  activesupport (4.2.6) lib/active_support/tagged_logging.rb:26:in `tagged'
  activesupport (4.2.6) lib/active_support/tagged_logging.rb:68:in `tagged'
  railties (4.2.6) lib/rails/rack/logger.rb:20:in `call'
  actionpack (4.2.6) lib/action_dispatch/middleware/request_id.rb:21:in `call'
  rack (1.6.4) lib/rack/methodoverride.rb:22:in `call'
  rack (1.6.4) lib/rack/runtime.rb:18:in `call'
  activesupport (4.2.6) lib/active_support/cache/strategy/local_cache_middleware.rb:28:in `call'
  rack (1.6.4) lib/rack/lock.rb:17:in `call'
  actionpack (4.2.6) lib/action_dispatch/middleware/static.rb:120:in `call'
  rack (1.6.4) lib/rack/sendfile.rb:113:in `call'
  railties (4.2.6) lib/rails/engine.rb:518:in `call'
  railties (4.2.6) lib/rails/application.rb:165:in `call'
  rack (1.6.4) lib/rack/lock.rb:17:in `call'
  rack (1.6.4) lib/rack/content_length.rb:15:in `call'
  rack (1.6.4) lib/rack/handler/webrick.rb:88:in `service'
  /Users/stephanigonzalez/.rvm/rubies/ruby-2.3.1/lib/ruby/2.3.0/webrick/httpserver.rb:140:in `service'
  /Users/stephanigonzalez/.rvm/rubies/ruby-2.3.1/lib/ruby/2.3.0/webrick/httpserver.rb:96:in `run'
  /Users/stephanigonzalez/.rvm/rubies/ruby-2.3.1/lib/ruby/2.3.0/webrick/server.rb:296:in `block in start_thread'


  Rendered /Users/stephanigonzalez/.rvm/gems/ruby-2.3.1/gems/actionpack-4.2.6/lib/action_dispatch/middleware/templates/rescues/_source.erb (2.4ms)
  Rendered /Users/stephanigonzalez/.rvm/gems/ruby-2.3.1/gems/actionpack-4.2.6/lib/action_dispatch/middleware/templates/rescues/_trace.html.erb (1.3ms)
  Rendered /Users/stephanigonzalez/.rvm/gems/ruby-2.3.1/gems/actionpack-4.2.6/lib/action_dispatch/middleware/templates/rescues/_request_and_response.html.erb (0.7ms)
  Rendered /Users/stephanigonzalez/.rvm/gems/ruby-2.3.1/gems/actionpack-4.2.6/lib/action_dispatch/middleware/templates/rescues/diagnostics.html.erb within rescues/layout (54.9ms)
  Rendered /Users/stephanigonzalez/.rvm/gems/ruby-2.3.1/gems/web-console-2.3.0/lib/web_console/templates/_markup.html.erb (0.3ms)
  Rendered /Users/stephanigonzalez/.rvm/gems/ruby-2.3.1/gems/web-console-2.3.0/lib/web_console/templates/_inner_console_markup.html.erb within layouts/inlined_string (0.3ms)
  Rendered /Users/stephanigonzalez/.rvm/gems/ruby-2.3.1/gems/web-console-2.3.0/lib/web_console/templates/_prompt_box_markup.html.erb within layouts/inlined_string (0.4ms)
  Rendered /Users/stephanigonzalez/.rvm/gems/ruby-2.3.1/gems/web-console-2.3.0/lib/web_console/templates/style.css.erb within layouts/inlined_string (0.3ms)
  Rendered /Users/stephanigonzalez/.rvm/gems/ruby-2.3.1/gems/web-console-2.3.0/lib/web_console/templates/console.js.erb within layouts/javascript (52.7ms)
  Rendered /Users/stephanigonzalez/.rvm/gems/ruby-2.3.1/gems/web-console-2.3.0/lib/web_console/templates/main.js.erb within layouts/javascript (0.2ms)
  Rendered /Users/stephanigonzalez/.rvm/gems/ruby-2.3.1/gems/web-console-2.3.0/lib/web_console/templates/error_page.js.erb within layouts/javascript (0.4ms)
  Rendered /Users/stephanigonzalez/.rvm/gems/ruby-2.3.1/gems/web-console-2.3.0/lib/web_console/templates/index.html.erb (115.0ms)


Started GET "/" for ::1 at 2016-12-21 14:48:54 -0700
  [1m[35mActiveRecord::SchemaMigration Load (0.3ms)[0m  SELECT "schema_migrations".* FROM "schema_migrations"

ActiveRecord::PendingMigrationError (

Migrations are pending. To resolve this issue, run:

	bin/rake db:migrate RAILS_ENV=development

):
  activerecord (4.2.6) lib/active_record/migration.rb:392:in `check_pending!'
  activerecord (4.2.6) lib/active_record/migration.rb:373:in `call'
  actionpack (4.2.6) lib/action_dispatch/middleware/callbacks.rb:29:in `block in call'
  activesupport (4.2.6) lib/active_support/callbacks.rb:88:in `__run_callbacks__'
  activesupport (4.2.6) lib/active_support/callbacks.rb:778:in `_run_call_callbacks'
  activesupport (4.2.6) lib/active_support/callbacks.rb:81:in `run_callbacks'
  actionpack (4.2.6) lib/action_dispatch/middleware/callbacks.rb:27:in `call'
  actionpack (4.2.6) lib/action_dispatch/middleware/reloader.rb:73:in `call'
  actionpack (4.2.6) lib/action_dispatch/middleware/remote_ip.rb:78:in `call'
  actionpack (4.2.6) lib/action_dispatch/middleware/debug_exceptions.rb:17:in `call'
  web-console (2.3.0) lib/web_console/middleware.rb:28:in `block in call'
  web-console (2.3.0) lib/web_console/middleware.rb:18:in `catch'
  web-console (2.3.0) lib/web_console/middleware.rb:18:in `call'
  actionpack (4.2.6) lib/action_dispatch/middleware/show_exceptions.rb:30:in `call'
  railties (4.2.6) lib/rails/rack/logger.rb:38:in `call_app'
  railties (4.2.6) lib/rails/rack/logger.rb:20:in `block in call'
  activesupport (4.2.6) lib/active_support/tagged_logging.rb:68:in `block in tagged'
  activesupport (4.2.6) lib/active_support/tagged_logging.rb:26:in `tagged'
  activesupport (4.2.6) lib/active_support/tagged_logging.rb:68:in `tagged'
  railties (4.2.6) lib/rails/rack/logger.rb:20:in `call'
  actionpack (4.2.6) lib/action_dispatch/middleware/request_id.rb:21:in `call'
  rack (1.6.4) lib/rack/methodoverride.rb:22:in `call'
  rack (1.6.4) lib/rack/runtime.rb:18:in `call'
  activesupport (4.2.6) lib/active_support/cache/strategy/local_cache_middleware.rb:28:in `call'
  rack (1.6.4) lib/rack/lock.rb:17:in `call'
  actionpack (4.2.6) lib/action_dispatch/middleware/static.rb:120:in `call'
  rack (1.6.4) lib/rack/sendfile.rb:113:in `call'
  railties (4.2.6) lib/rails/engine.rb:518:in `call'
  railties (4.2.6) lib/rails/application.rb:165:in `call'
  rack (1.6.4) lib/rack/lock.rb:17:in `call'
  rack (1.6.4) lib/rack/content_length.rb:15:in `call'
  rack (1.6.4) lib/rack/handler/webrick.rb:88:in `service'
  /Users/stephanigonzalez/.rvm/rubies/ruby-2.3.1/lib/ruby/2.3.0/webrick/httpserver.rb:140:in `service'
  /Users/stephanigonzalez/.rvm/rubies/ruby-2.3.1/lib/ruby/2.3.0/webrick/httpserver.rb:96:in `run'
  /Users/stephanigonzalez/.rvm/rubies/ruby-2.3.1/lib/ruby/2.3.0/webrick/server.rb:296:in `block in start_thread'


  Rendered /Users/stephanigonzalez/.rvm/gems/ruby-2.3.1/gems/actionpack-4.2.6/lib/action_dispatch/middleware/templates/rescues/_source.erb (2.4ms)
  Rendered /Users/stephanigonzalez/.rvm/gems/ruby-2.3.1/gems/actionpack-4.2.6/lib/action_dispatch/middleware/templates/rescues/_trace.html.erb (1.4ms)
  Rendered /Users/stephanigonzalez/.rvm/gems/ruby-2.3.1/gems/actionpack-4.2.6/lib/action_dispatch/middleware/templates/rescues/_request_and_response.html.erb (0.8ms)
  Rendered /Users/stephanigonzalez/.rvm/gems/ruby-2.3.1/gems/actionpack-4.2.6/lib/action_dispatch/middleware/templates/rescues/diagnostics.html.erb within rescues/layout (58.4ms)
  Rendered /Users/stephanigonzalez/.rvm/gems/ruby-2.3.1/gems/web-console-2.3.0/lib/web_console/templates/_markup.html.erb (0.3ms)
  Rendered /Users/stephanigonzalez/.rvm/gems/ruby-2.3.1/gems/web-console-2.3.0/lib/web_console/templates/_inner_console_markup.html.erb within layouts/inlined_string (0.4ms)
  Rendered /Users/stephanigonzalez/.rvm/gems/ruby-2.3.1/gems/web-console-2.3.0/lib/web_console/templates/_prompt_box_markup.html.erb within layouts/inlined_string (0.2ms)
  Rendered /Users/stephanigonzalez/.rvm/gems/ruby-2.3.1/gems/web-console-2.3.0/lib/web_console/templates/style.css.erb within layouts/inlined_string (0.3ms)
  Rendered /Users/stephanigonzalez/.rvm/gems/ruby-2.3.1/gems/web-console-2.3.0/lib/web_console/templates/console.js.erb within layouts/javascript (49.8ms)
  Rendered /Users/stephanigonzalez/.rvm/gems/ruby-2.3.1/gems/web-console-2.3.0/lib/web_console/templates/main.js.erb within layouts/javascript (0.4ms)
  Rendered /Users/stephanigonzalez/.rvm/gems/ruby-2.3.1/gems/web-console-2.3.0/lib/web_console/templates/error_page.js.erb within layouts/javascript (0.4ms)
  Rendered /Users/stephanigonzalez/.rvm/gems/ruby-2.3.1/gems/web-console-2.3.0/lib/web_console/templates/index.html.erb (116.0ms)
  [1m[36mActiveRecord::SchemaMigration Load (0.5ms)[0m  [1mSELECT "schema_migrations".* FROM "schema_migrations"[0m
Migrating to DeviseCreateUsers (20160720204600)
  [1m[35m (0.2ms)[0m  BEGIN
  [1m[36m (37.5ms)[0m  [1mCREATE TABLE "users" ("id" serial primary key, "email" character varying DEFAULT '' NOT NULL, "encrypted_password" character varying DEFAULT '' NOT NULL, "reset_password_token" character varying, "reset_password_sent_at" timestamp, "remember_created_at" timestamp, "sign_in_count" integer DEFAULT 0 NOT NULL, "current_sign_in_at" timestamp, "last_sign_in_at" timestamp, "current_sign_in_ip" inet, "last_sign_in_ip" inet, "first_name" character varying, "last_name" character varying, "type" character varying, "created_at" timestamp NOT NULL, "updated_at" timestamp NOT NULL) [0m
  [1m[35m (0.2ms)[0m  ROLLBACK


Started GET "/" for ::1 at 2016-12-21 14:49:32 -0700
  [1m[36mActiveRecord::SchemaMigration Load (0.5ms)[0m  [1mSELECT "schema_migrations".* FROM "schema_migrations"[0m

ActiveRecord::PendingMigrationError (

Migrations are pending. To resolve this issue, run:

	bin/rake db:migrate RAILS_ENV=development

):
  activerecord (4.2.6) lib/active_record/migration.rb:392:in `check_pending!'
  activerecord (4.2.6) lib/active_record/migration.rb:373:in `call'
  actionpack (4.2.6) lib/action_dispatch/middleware/callbacks.rb:29:in `block in call'
  activesupport (4.2.6) lib/active_support/callbacks.rb:88:in `__run_callbacks__'
  activesupport (4.2.6) lib/active_support/callbacks.rb:778:in `_run_call_callbacks'
  activesupport (4.2.6) lib/active_support/callbacks.rb:81:in `run_callbacks'
  actionpack (4.2.6) lib/action_dispatch/middleware/callbacks.rb:27:in `call'
  actionpack (4.2.6) lib/action_dispatch/middleware/reloader.rb:73:in `call'
  actionpack (4.2.6) lib/action_dispatch/middleware/remote_ip.rb:78:in `call'
  actionpack (4.2.6) lib/action_dispatch/middleware/debug_exceptions.rb:17:in `call'
  web-console (2.3.0) lib/web_console/middleware.rb:28:in `block in call'
  web-console (2.3.0) lib/web_console/middleware.rb:18:in `catch'
  web-console (2.3.0) lib/web_console/middleware.rb:18:in `call'
  actionpack (4.2.6) lib/action_dispatch/middleware/show_exceptions.rb:30:in `call'
  railties (4.2.6) lib/rails/rack/logger.rb:38:in `call_app'
  railties (4.2.6) lib/rails/rack/logger.rb:20:in `block in call'
  activesupport (4.2.6) lib/active_support/tagged_logging.rb:68:in `block in tagged'
  activesupport (4.2.6) lib/active_support/tagged_logging.rb:26:in `tagged'
  activesupport (4.2.6) lib/active_support/tagged_logging.rb:68:in `tagged'
  railties (4.2.6) lib/rails/rack/logger.rb:20:in `call'
  actionpack (4.2.6) lib/action_dispatch/middleware/request_id.rb:21:in `call'
  rack (1.6.4) lib/rack/methodoverride.rb:22:in `call'
  rack (1.6.4) lib/rack/runtime.rb:18:in `call'
  activesupport (4.2.6) lib/active_support/cache/strategy/local_cache_middleware.rb:28:in `call'
  rack (1.6.4) lib/rack/lock.rb:17:in `call'
  actionpack (4.2.6) lib/action_dispatch/middleware/static.rb:120:in `call'
  rack (1.6.4) lib/rack/sendfile.rb:113:in `call'
  railties (4.2.6) lib/rails/engine.rb:518:in `call'
  railties (4.2.6) lib/rails/application.rb:165:in `call'
  rack (1.6.4) lib/rack/lock.rb:17:in `call'
  rack (1.6.4) lib/rack/content_length.rb:15:in `call'
  rack (1.6.4) lib/rack/handler/webrick.rb:88:in `service'
  /Users/stephanigonzalez/.rvm/rubies/ruby-2.3.1/lib/ruby/2.3.0/webrick/httpserver.rb:140:in `service'
  /Users/stephanigonzalez/.rvm/rubies/ruby-2.3.1/lib/ruby/2.3.0/webrick/httpserver.rb:96:in `run'
  /Users/stephanigonzalez/.rvm/rubies/ruby-2.3.1/lib/ruby/2.3.0/webrick/server.rb:296:in `block in start_thread'


  Rendered /Users/stephanigonzalez/.rvm/gems/ruby-2.3.1/gems/actionpack-4.2.6/lib/action_dispatch/middleware/templates/rescues/_source.erb (3.7ms)
  Rendered /Users/stephanigonzalez/.rvm/gems/ruby-2.3.1/gems/actionpack-4.2.6/lib/action_dispatch/middleware/templates/rescues/_trace.html.erb (1.9ms)
  Rendered /Users/stephanigonzalez/.rvm/gems/ruby-2.3.1/gems/actionpack-4.2.6/lib/action_dispatch/middleware/templates/rescues/_request_and_response.html.erb (1.4ms)
  Rendered /Users/stephanigonzalez/.rvm/gems/ruby-2.3.1/gems/actionpack-4.2.6/lib/action_dispatch/middleware/templates/rescues/diagnostics.html.erb within rescues/layout (61.8ms)
  Rendered /Users/stephanigonzalez/.rvm/gems/ruby-2.3.1/gems/web-console-2.3.0/lib/web_console/templates/_markup.html.erb (0.7ms)
  Rendered /Users/stephanigonzalez/.rvm/gems/ruby-2.3.1/gems/web-console-2.3.0/lib/web_console/templates/_inner_console_markup.html.erb within layouts/inlined_string (0.3ms)
  Rendered /Users/stephanigonzalez/.rvm/gems/ruby-2.3.1/gems/web-console-2.3.0/lib/web_console/templates/_prompt_box_markup.html.erb within layouts/inlined_string (0.3ms)
  Rendered /Users/stephanigonzalez/.rvm/gems/ruby-2.3.1/gems/web-console-2.3.0/lib/web_console/templates/style.css.erb within layouts/inlined_string (0.9ms)
  Rendered /Users/stephanigonzalez/.rvm/gems/ruby-2.3.1/gems/web-console-2.3.0/lib/web_console/templates/console.js.erb within layouts/javascript (66.1ms)
  Rendered /Users/stephanigonzalez/.rvm/gems/ruby-2.3.1/gems/web-console-2.3.0/lib/web_console/templates/main.js.erb within layouts/javascript (0.3ms)
  Rendered /Users/stephanigonzalez/.rvm/gems/ruby-2.3.1/gems/web-console-2.3.0/lib/web_console/templates/error_page.js.erb within layouts/javascript (0.7ms)
  Rendered /Users/stephanigonzalez/.rvm/gems/ruby-2.3.1/gems/web-console-2.3.0/lib/web_console/templates/index.html.erb (136.5ms)
  [1m[36mActiveRecord::SchemaMigration Load (0.5ms)[0m  [1mSELECT "schema_migrations".* FROM "schema_migrations"[0m
Migrating to DeviseCreateUsers (20160720204600)
  [1m[35m (0.1ms)[0m  BEGIN
  [1m[36m (16.0ms)[0m  [1mCREATE TABLE "users" ("id" serial primary key, "email" character varying DEFAULT '' NOT NULL, "encrypted_password" character varying DEFAULT '' NOT NULL, "reset_password_token" character varying, "reset_password_sent_at" timestamp, "remember_created_at" timestamp, "sign_in_count" integer DEFAULT 0 NOT NULL, "current_sign_in_at" timestamp, "last_sign_in_at" timestamp, "current_sign_in_ip" inet, "last_sign_in_ip" inet, "first_name" character varying, "last_name" character varying, "type" character varying, "created_at" timestamp NOT NULL, "updated_at" timestamp NOT NULL) [0m
  [1m[35m (0.1ms)[0m  ROLLBACK


Started GET "/" for ::1 at 2016-12-21 14:54:07 -0700
  [1m[36mActiveRecord::SchemaMigration Load (0.5ms)[0m  [1mSELECT "schema_migrations".* FROM "schema_migrations"[0m

ActiveRecord::PendingMigrationError (

Migrations are pending. To resolve this issue, run:

	bin/rake db:migrate RAILS_ENV=development

):
  activerecord (4.2.6) lib/active_record/migration.rb:392:in `check_pending!'
  activerecord (4.2.6) lib/active_record/migration.rb:373:in `call'
  actionpack (4.2.6) lib/action_dispatch/middleware/callbacks.rb:29:in `block in call'
  activesupport (4.2.6) lib/active_support/callbacks.rb:88:in `__run_callbacks__'
  activesupport (4.2.6) lib/active_support/callbacks.rb:778:in `_run_call_callbacks'
  activesupport (4.2.6) lib/active_support/callbacks.rb:81:in `run_callbacks'
  actionpack (4.2.6) lib/action_dispatch/middleware/callbacks.rb:27:in `call'
  actionpack (4.2.6) lib/action_dispatch/middleware/reloader.rb:73:in `call'
  actionpack (4.2.6) lib/action_dispatch/middleware/remote_ip.rb:78:in `call'
  actionpack (4.2.6) lib/action_dispatch/middleware/debug_exceptions.rb:17:in `call'
  web-console (2.3.0) lib/web_console/middleware.rb:28:in `block in call'
  web-console (2.3.0) lib/web_console/middleware.rb:18:in `catch'
  web-console (2.3.0) lib/web_console/middleware.rb:18:in `call'
  actionpack (4.2.6) lib/action_dispatch/middleware/show_exceptions.rb:30:in `call'
  railties (4.2.6) lib/rails/rack/logger.rb:38:in `call_app'
  railties (4.2.6) lib/rails/rack/logger.rb:20:in `block in call'
  activesupport (4.2.6) lib/active_support/tagged_logging.rb:68:in `block in tagged'
  activesupport (4.2.6) lib/active_support/tagged_logging.rb:26:in `tagged'
  activesupport (4.2.6) lib/active_support/tagged_logging.rb:68:in `tagged'
  railties (4.2.6) lib/rails/rack/logger.rb:20:in `call'
  actionpack (4.2.6) lib/action_dispatch/middleware/request_id.rb:21:in `call'
  rack (1.6.4) lib/rack/methodoverride.rb:22:in `call'
  rack (1.6.4) lib/rack/runtime.rb:18:in `call'
  activesupport (4.2.6) lib/active_support/cache/strategy/local_cache_middleware.rb:28:in `call'
  rack (1.6.4) lib/rack/lock.rb:17:in `call'
  actionpack (4.2.6) lib/action_dispatch/middleware/static.rb:120:in `call'
  rack (1.6.4) lib/rack/sendfile.rb:113:in `call'
  railties (4.2.6) lib/rails/engine.rb:518:in `call'
  railties (4.2.6) lib/rails/application.rb:165:in `call'
  rack (1.6.4) lib/rack/lock.rb:17:in `call'
  rack (1.6.4) lib/rack/content_length.rb:15:in `call'
  rack (1.6.4) lib/rack/handler/webrick.rb:88:in `service'
  /Users/stephanigonzalez/.rvm/rubies/ruby-2.3.1/lib/ruby/2.3.0/webrick/httpserver.rb:140:in `service'
  /Users/stephanigonzalez/.rvm/rubies/ruby-2.3.1/lib/ruby/2.3.0/webrick/httpserver.rb:96:in `run'
  /Users/stephanigonzalez/.rvm/rubies/ruby-2.3.1/lib/ruby/2.3.0/webrick/server.rb:296:in `block in start_thread'


  Rendered /Users/stephanigonzalez/.rvm/gems/ruby-2.3.1/gems/actionpack-4.2.6/lib/action_dispatch/middleware/templates/rescues/_source.erb (4.0ms)
  Rendered /Users/stephanigonzalez/.rvm/gems/ruby-2.3.1/gems/actionpack-4.2.6/lib/action_dispatch/middleware/templates/rescues/_trace.html.erb (1.9ms)
  Rendered /Users/stephanigonzalez/.rvm/gems/ruby-2.3.1/gems/actionpack-4.2.6/lib/action_dispatch/middleware/templates/rescues/_request_and_response.html.erb (1.1ms)
  Rendered /Users/stephanigonzalez/.rvm/gems/ruby-2.3.1/gems/actionpack-4.2.6/lib/action_dispatch/middleware/templates/rescues/diagnostics.html.erb within rescues/layout (61.1ms)
  Rendered /Users/stephanigonzalez/.rvm/gems/ruby-2.3.1/gems/web-console-2.3.0/lib/web_console/templates/_markup.html.erb (0.4ms)
  Rendered /Users/stephanigonzalez/.rvm/gems/ruby-2.3.1/gems/web-console-2.3.0/lib/web_console/templates/_inner_console_markup.html.erb within layouts/inlined_string (0.6ms)
  Rendered /Users/stephanigonzalez/.rvm/gems/ruby-2.3.1/gems/web-console-2.3.0/lib/web_console/templates/_prompt_box_markup.html.erb within layouts/inlined_string (0.4ms)
  Rendered /Users/stephanigonzalez/.rvm/gems/ruby-2.3.1/gems/web-console-2.3.0/lib/web_console/templates/style.css.erb within layouts/inlined_string (1.2ms)
  Rendered /Users/stephanigonzalez/.rvm/gems/ruby-2.3.1/gems/web-console-2.3.0/lib/web_console/templates/console.js.erb within layouts/javascript (64.7ms)
  Rendered /Users/stephanigonzalez/.rvm/gems/ruby-2.3.1/gems/web-console-2.3.0/lib/web_console/templates/main.js.erb within layouts/javascript (0.3ms)
  Rendered /Users/stephanigonzalez/.rvm/gems/ruby-2.3.1/gems/web-console-2.3.0/lib/web_console/templates/error_page.js.erb within layouts/javascript (0.7ms)
  Rendered /Users/stephanigonzalez/.rvm/gems/ruby-2.3.1/gems/web-console-2.3.0/lib/web_console/templates/index.html.erb (138.3ms)
  [1m[36mActiveRecord::SchemaMigration Load (0.5ms)[0m  [1mSELECT "schema_migrations".* FROM "schema_migrations"[0m
Migrating to DeviseCreateUsers (20160720204600)
  [1m[35m (0.1ms)[0m  BEGIN
  [1m[36m (5.0ms)[0m  [1mCREATE TABLE "users" ("id" serial primary key, "email" character varying DEFAULT '' NOT NULL, "encrypted_password" character varying DEFAULT '' NOT NULL, "reset_password_token" character varying, "reset_password_sent_at" timestamp, "remember_created_at" timestamp, "sign_in_count" integer DEFAULT 0 NOT NULL, "current_sign_in_at" timestamp, "last_sign_in_at" timestamp, "current_sign_in_ip" inet, "last_sign_in_ip" inet, "first_name" character varying, "last_name" character varying, "type" character varying, "created_at" timestamp NOT NULL, "updated_at" timestamp NOT NULL) [0m
  [1m[35m (0.1ms)[0m  ROLLBACK


Started GET "/" for ::1 at 2016-12-21 15:02:20 -0700
  [1m[36mActiveRecord::SchemaMigration Load (0.4ms)[0m  [1mSELECT "schema_migrations".* FROM "schema_migrations"[0m

ActiveRecord::PendingMigrationError (

Migrations are pending. To resolve this issue, run:

	bin/rake db:migrate RAILS_ENV=development

):
  activerecord (4.2.6) lib/active_record/migration.rb:392:in `check_pending!'
  activerecord (4.2.6) lib/active_record/migration.rb:373:in `call'
  actionpack (4.2.6) lib/action_dispatch/middleware/callbacks.rb:29:in `block in call'
  activesupport (4.2.6) lib/active_support/callbacks.rb:88:in `__run_callbacks__'
  activesupport (4.2.6) lib/active_support/callbacks.rb:778:in `_run_call_callbacks'
  activesupport (4.2.6) lib/active_support/callbacks.rb:81:in `run_callbacks'
  actionpack (4.2.6) lib/action_dispatch/middleware/callbacks.rb:27:in `call'
  actionpack (4.2.6) lib/action_dispatch/middleware/reloader.rb:73:in `call'
  actionpack (4.2.6) lib/action_dispatch/middleware/remote_ip.rb:78:in `call'
  actionpack (4.2.6) lib/action_dispatch/middleware/debug_exceptions.rb:17:in `call'
  web-console (2.3.0) lib/web_console/middleware.rb:28:in `block in call'
  web-console (2.3.0) lib/web_console/middleware.rb:18:in `catch'
  web-console (2.3.0) lib/web_console/middleware.rb:18:in `call'
  actionpack (4.2.6) lib/action_dispatch/middleware/show_exceptions.rb:30:in `call'
  railties (4.2.6) lib/rails/rack/logger.rb:38:in `call_app'
  railties (4.2.6) lib/rails/rack/logger.rb:20:in `block in call'
  activesupport (4.2.6) lib/active_support/tagged_logging.rb:68:in `block in tagged'
  activesupport (4.2.6) lib/active_support/tagged_logging.rb:26:in `tagged'
  activesupport (4.2.6) lib/active_support/tagged_logging.rb:68:in `tagged'
  railties (4.2.6) lib/rails/rack/logger.rb:20:in `call'
  actionpack (4.2.6) lib/action_dispatch/middleware/request_id.rb:21:in `call'
  rack (1.6.4) lib/rack/methodoverride.rb:22:in `call'
  rack (1.6.4) lib/rack/runtime.rb:18:in `call'
  activesupport (4.2.6) lib/active_support/cache/strategy/local_cache_middleware.rb:28:in `call'
  rack (1.6.4) lib/rack/lock.rb:17:in `call'
  actionpack (4.2.6) lib/action_dispatch/middleware/static.rb:120:in `call'
  rack (1.6.4) lib/rack/sendfile.rb:113:in `call'
  railties (4.2.6) lib/rails/engine.rb:518:in `call'
  railties (4.2.6) lib/rails/application.rb:165:in `call'
  rack (1.6.4) lib/rack/lock.rb:17:in `call'
  rack (1.6.4) lib/rack/content_length.rb:15:in `call'
  rack (1.6.4) lib/rack/handler/webrick.rb:88:in `service'
  /Users/stephanigonzalez/.rvm/rubies/ruby-2.3.1/lib/ruby/2.3.0/webrick/httpserver.rb:140:in `service'
  /Users/stephanigonzalez/.rvm/rubies/ruby-2.3.1/lib/ruby/2.3.0/webrick/httpserver.rb:96:in `run'
  /Users/stephanigonzalez/.rvm/rubies/ruby-2.3.1/lib/ruby/2.3.0/webrick/server.rb:296:in `block in start_thread'


  Rendered /Users/stephanigonzalez/.rvm/gems/ruby-2.3.1/gems/actionpack-4.2.6/lib/action_dispatch/middleware/templates/rescues/_source.erb (3.7ms)
  Rendered /Users/stephanigonzalez/.rvm/gems/ruby-2.3.1/gems/actionpack-4.2.6/lib/action_dispatch/middleware/templates/rescues/_trace.html.erb (2.0ms)
  Rendered /Users/stephanigonzalez/.rvm/gems/ruby-2.3.1/gems/actionpack-4.2.6/lib/action_dispatch/middleware/templates/rescues/_request_and_response.html.erb (1.6ms)
  Rendered /Users/stephanigonzalez/.rvm/gems/ruby-2.3.1/gems/actionpack-4.2.6/lib/action_dispatch/middleware/templates/rescues/diagnostics.html.erb within rescues/layout (67.7ms)
  Rendered /Users/stephanigonzalez/.rvm/gems/ruby-2.3.1/gems/web-console-2.3.0/lib/web_console/templates/_markup.html.erb (0.5ms)
  Rendered /Users/stephanigonzalez/.rvm/gems/ruby-2.3.1/gems/web-console-2.3.0/lib/web_console/templates/_inner_console_markup.html.erb within layouts/inlined_string (0.3ms)
  Rendered /Users/stephanigonzalez/.rvm/gems/ruby-2.3.1/gems/web-console-2.3.0/lib/web_console/templates/_prompt_box_markup.html.erb within layouts/inlined_string (0.7ms)
  Rendered /Users/stephanigonzalez/.rvm/gems/ruby-2.3.1/gems/web-console-2.3.0/lib/web_console/templates/style.css.erb within layouts/inlined_string (0.6ms)
  Rendered /Users/stephanigonzalez/.rvm/gems/ruby-2.3.1/gems/web-console-2.3.0/lib/web_console/templates/console.js.erb within layouts/javascript (75.5ms)
  Rendered /Users/stephanigonzalez/.rvm/gems/ruby-2.3.1/gems/web-console-2.3.0/lib/web_console/templates/main.js.erb within layouts/javascript (0.3ms)
  Rendered /Users/stephanigonzalez/.rvm/gems/ruby-2.3.1/gems/web-console-2.3.0/lib/web_console/templates/error_page.js.erb within layouts/javascript (0.8ms)
  Rendered /Users/stephanigonzalez/.rvm/gems/ruby-2.3.1/gems/web-console-2.3.0/lib/web_console/templates/index.html.erb (153.9ms)
  [1m[36mActiveRecord::SchemaMigration Load (0.5ms)[0m  [1mSELECT "schema_migrations".* FROM "schema_migrations"[0m
Migrating to DeviseCreateUsers (20160720204600)
  [1m[35m (0.1ms)[0m  BEGIN
  [1m[36m (3.4ms)[0m  [1mCREATE TABLE "users" ("id" serial primary key, "email" character varying DEFAULT '' NOT NULL, "encrypted_password" character varying DEFAULT '' NOT NULL, "reset_password_token" character varying, "reset_password_sent_at" timestamp, "remember_created_at" timestamp, "sign_in_count" integer DEFAULT 0 NOT NULL, "current_sign_in_at" timestamp, "last_sign_in_at" timestamp, "current_sign_in_ip" inet, "last_sign_in_ip" inet, "first_name" character varying, "last_name" character varying, "type" character varying, "created_at" timestamp NOT NULL, "updated_at" timestamp NOT NULL) [0m
  [1m[35m (0.2ms)[0m  ROLLBACK
  [1m[36mActiveRecord::SchemaMigration Load (0.5ms)[0m  [1mSELECT "schema_migrations".* FROM "schema_migrations"[0m
Migrating to DeviseCreateUsers (20160720204600)
  [1m[35m (0.1ms)[0m  BEGIN
  [1m[36m (2.9ms)[0m  [1mCREATE TABLE "users" ("id" serial primary key, "email" character varying DEFAULT '' NOT NULL, "encrypted_password" character varying DEFAULT '' NOT NULL, "reset_password_token" character varying, "reset_password_sent_at" timestamp, "remember_created_at" timestamp, "sign_in_count" integer DEFAULT 0 NOT NULL, "current_sign_in_at" timestamp, "last_sign_in_at" timestamp, "current_sign_in_ip" inet, "last_sign_in_ip" inet, "first_name" character varying, "last_name" character varying, "type" character varying, "created_at" timestamp NOT NULL, "updated_at" timestamp NOT NULL) [0m
  [1m[35m (0.1ms)[0m  ROLLBACK
  [1m[36mSQL (0.5ms)[0m  [1mCREATE EXTENSION IF NOT EXISTS "plpgsql"[0m
  [1m[35m (4.6ms)[0m  DROP TABLE "posts" CASCADE
  [1m[36m (29.9ms)[0m  [1mCREATE TABLE "posts" ("id" serial primary key, "date" date, "rationale" text, "created_at" timestamp NOT NULL, "updated_at" timestamp NOT NULL, "user_id" integer) [0m
  [1m[35m (1.9ms)[0m  CREATE  INDEX  "index_posts_on_user_id" ON "posts" USING btree ("user_id")
  [1m[36m (3.3ms)[0m  [1mDROP TABLE "users" CASCADE[0m
  [1m[35m (6.2ms)[0m  CREATE TABLE "users" ("id" serial primary key, "email" character varying DEFAULT '' NOT NULL, "encrypted_password" character varying DEFAULT '' NOT NULL, "reset_password_token" character varying, "reset_password_sent_at" timestamp, "remember_created_at" timestamp, "sign_in_count" integer DEFAULT 0 NOT NULL, "current_sign_in_at" timestamp, "last_sign_in_at" timestamp, "current_sign_in_ip" inet, "last_sign_in_ip" inet, "first_name" character varying, "last_name" character varying, "type" character varying, "created_at" timestamp NOT NULL, "updated_at" timestamp NOT NULL) 
  [1m[36m (2.6ms)[0m  [1mCREATE UNIQUE INDEX  "index_users_on_email" ON "users" USING btree ("email")[0m
  [1m[35m (1.5ms)[0m  CREATE UNIQUE INDEX  "index_users_on_reset_password_token" ON "users" USING btree ("reset_password_token")
  [1m[36m (2.7ms)[0m  [1mALTER TABLE "posts" ADD CONSTRAINT "fk_rails_5b5ddfd518"
FOREIGN KEY ("user_id")
  REFERENCES "users" ("id")
[0m
  [1m[35m (0.7ms)[0m  SELECT version FROM "schema_migrations"
  [1m[36m (0.6ms)[0m  [1mINSERT INTO "schema_migrations" (version) VALUES ('20160720233209')[0m
  [1m[35m (1.3ms)[0m  INSERT INTO "schema_migrations" (version) VALUES ('20160720204600')
  [1m[36m (0.8ms)[0m  [1mINSERT INTO "schema_migrations" (version) VALUES ('20160720212034')[0m
  [1m[35mSQL (0.4ms)[0m  CREATE EXTENSION IF NOT EXISTS "plpgsql"
  [1m[36m (5.3ms)[0m  [1mDROP TABLE "posts" CASCADE[0m
  [1m[35m (8.5ms)[0m  CREATE TABLE "posts" ("id" serial primary key, "date" date, "rationale" text, "created_at" timestamp NOT NULL, "updated_at" timestamp NOT NULL, "user_id" integer) 
  [1m[36m (2.1ms)[0m  [1mCREATE  INDEX  "index_posts_on_user_id" ON "posts" USING btree ("user_id")[0m
  [1m[35m (3.7ms)[0m  DROP TABLE "users" CASCADE
  [1m[36m (7.0ms)[0m  [1mCREATE TABLE "users" ("id" serial primary key, "email" character varying DEFAULT '' NOT NULL, "encrypted_password" character varying DEFAULT '' NOT NULL, "reset_password_token" character varying, "reset_password_sent_at" timestamp, "remember_created_at" timestamp, "sign_in_count" integer DEFAULT 0 NOT NULL, "current_sign_in_at" timestamp, "last_sign_in_at" timestamp, "current_sign_in_ip" inet, "last_sign_in_ip" inet, "first_name" character varying, "last_name" character varying, "type" character varying, "created_at" timestamp NOT NULL, "updated_at" timestamp NOT NULL) [0m
  [1m[35m (1.7ms)[0m  CREATE UNIQUE INDEX  "index_users_on_email" ON "users" USING btree ("email")
  [1m[36m (1.5ms)[0m  [1mCREATE UNIQUE INDEX  "index_users_on_reset_password_token" ON "users" USING btree ("reset_password_token")[0m
  [1m[35m (2.7ms)[0m  ALTER TABLE "posts" ADD CONSTRAINT "fk_rails_5b5ddfd518"
FOREIGN KEY ("user_id")
  REFERENCES "users" ("id")

  [1m[36m (0.3ms)[0m  [1mSELECT version FROM "schema_migrations"[0m
  [1m[35mActiveRecord::SchemaMigration Load (0.8ms)[0m  SELECT "schema_migrations".* FROM "schema_migrations"
  [1m[36m (0.1ms)[0m  [1mBEGIN[0m
  [1m[35mSQL (1.1ms)[0m  INSERT INTO "posts" ("date", "rationale", "created_at", "updated_at") VALUES ($1, $2, $3, $4) RETURNING "id"  [["date", "2016-12-21"], ["rationale", "0 rationale content"], ["created_at", "2016-12-21 22:04:17.328589"], ["updated_at", "2016-12-21 22:04:17.328589"]]
  [1m[36m (0.9ms)[0m  [1mCOMMIT[0m
  [1m[35m (0.2ms)[0m  BEGIN
  [1m[36mSQL (0.3ms)[0m  [1mINSERT INTO "posts" ("date", "rationale", "created_at", "updated_at") VALUES ($1, $2, $3, $4) RETURNING "id"[0m  [["date", "2016-12-21"], ["rationale", "1 rationale content"], ["created_at", "2016-12-21 22:04:17.333137"], ["updated_at", "2016-12-21 22:04:17.333137"]]
  [1m[35m (0.5ms)[0m  COMMIT
  [1m[36m (0.1ms)[0m  [1mBEGIN[0m
  [1m[35mSQL (0.3ms)[0m  INSERT INTO "posts" ("date", "rationale", "created_at", "updated_at") VALUES ($1, $2, $3, $4) RETURNING "id"  [["date", "2016-12-21"], ["rationale", "2 rationale content"], ["created_at", "2016-12-21 22:04:17.335294"], ["updated_at", "2016-12-21 22:04:17.335294"]]
  [1m[36m (0.4ms)[0m  [1mCOMMIT[0m
  [1m[35m (0.1ms)[0m  BEGIN
  [1m[36mSQL (0.2ms)[0m  [1mINSERT INTO "posts" ("date", "rationale", "created_at", "updated_at") VALUES ($1, $2, $3, $4) RETURNING "id"[0m  [["date", "2016-12-21"], ["rationale", "3 rationale content"], ["created_at", "2016-12-21 22:04:17.337125"], ["updated_at", "2016-12-21 22:04:17.337125"]]
  [1m[35m (0.4ms)[0m  COMMIT
  [1m[36m (0.1ms)[0m  [1mBEGIN[0m
  [1m[35mSQL (0.2ms)[0m  INSERT INTO "posts" ("date", "rationale", "created_at", "updated_at") VALUES ($1, $2, $3, $4) RETURNING "id"  [["date", "2016-12-21"], ["rationale", "4 rationale content"], ["created_at", "2016-12-21 22:04:17.338650"], ["updated_at", "2016-12-21 22:04:17.338650"]]
  [1m[36m (0.4ms)[0m  [1mCOMMIT[0m
  [1m[35m (0.1ms)[0m  BEGIN
  [1m[36mSQL (0.3ms)[0m  [1mINSERT INTO "posts" ("date", "rationale", "created_at", "updated_at") VALUES ($1, $2, $3, $4) RETURNING "id"[0m  [["date", "2016-12-21"], ["rationale", "5 rationale content"], ["created_at", "2016-12-21 22:04:17.340345"], ["updated_at", "2016-12-21 22:04:17.340345"]]
  [1m[35m (0.5ms)[0m  COMMIT
  [1m[36m (0.1ms)[0m  [1mBEGIN[0m
  [1m[35mSQL (0.2ms)[0m  INSERT INTO "posts" ("date", "rationale", "created_at", "updated_at") VALUES ($1, $2, $3, $4) RETURNING "id"  [["date", "2016-12-21"], ["rationale", "6 rationale content"], ["created_at", "2016-12-21 22:04:17.342229"], ["updated_at", "2016-12-21 22:04:17.342229"]]
  [1m[36m (0.4ms)[0m  [1mCOMMIT[0m
  [1m[35m (0.1ms)[0m  BEGIN
  [1m[36mSQL (0.2ms)[0m  [1mINSERT INTO "posts" ("date", "rationale", "created_at", "updated_at") VALUES ($1, $2, $3, $4) RETURNING "id"[0m  [["date", "2016-12-21"], ["rationale", "7 rationale content"], ["created_at", "2016-12-21 22:04:17.343990"], ["updated_at", "2016-12-21 22:04:17.343990"]]
  [1m[35m (0.4ms)[0m  COMMIT
  [1m[36m (0.1ms)[0m  [1mBEGIN[0m
  [1m[35mSQL (0.1ms)[0m  INSERT INTO "posts" ("date", "rationale", "created_at", "updated_at") VALUES ($1, $2, $3, $4) RETURNING "id"  [["date", "2016-12-21"], ["rationale", "8 rationale content"], ["created_at", "2016-12-21 22:04:17.345560"], ["updated_at", "2016-12-21 22:04:17.345560"]]
  [1m[36m (0.4ms)[0m  [1mCOMMIT[0m
  [1m[35m (0.1ms)[0m  BEGIN
  [1m[36mSQL (0.2ms)[0m  [1mINSERT INTO "posts" ("date", "rationale", "created_at", "updated_at") VALUES ($1, $2, $3, $4) RETURNING "id"[0m  [["date", "2016-12-21"], ["rationale", "9 rationale content"], ["created_at", "2016-12-21 22:04:17.347100"], ["updated_at", "2016-12-21 22:04:17.347100"]]
  [1m[35m (0.4ms)[0m  COMMIT
  [1m[36m (0.1ms)[0m  [1mBEGIN[0m
  [1m[35mSQL (0.1ms)[0m  INSERT INTO "posts" ("date", "rationale", "created_at", "updated_at") VALUES ($1, $2, $3, $4) RETURNING "id"  [["date", "2016-12-21"], ["rationale", "10 rationale content"], ["created_at", "2016-12-21 22:04:17.348654"], ["updated_at", "2016-12-21 22:04:17.348654"]]
  [1m[36m (0.4ms)[0m  [1mCOMMIT[0m
  [1m[35m (0.1ms)[0m  BEGIN
  [1m[36mSQL (0.1ms)[0m  [1mINSERT INTO "posts" ("date", "rationale", "created_at", "updated_at") VALUES ($1, $2, $3, $4) RETURNING "id"[0m  [["date", "2016-12-21"], ["rationale", "11 rationale content"], ["created_at", "2016-12-21 22:04:17.350117"], ["updated_at", "2016-12-21 22:04:17.350117"]]
  [1m[35m (0.4ms)[0m  COMMIT
  [1m[36m (0.1ms)[0m  [1mBEGIN[0m
  [1m[35mSQL (0.1ms)[0m  INSERT INTO "posts" ("date", "rationale", "created_at", "updated_at") VALUES ($1, $2, $3, $4) RETURNING "id"  [["date", "2016-12-21"], ["rationale", "12 rationale content"], ["created_at", "2016-12-21 22:04:17.351619"], ["updated_at", "2016-12-21 22:04:17.351619"]]
  [1m[36m (0.4ms)[0m  [1mCOMMIT[0m
  [1m[35m (0.1ms)[0m  BEGIN
  [1m[36mSQL (0.2ms)[0m  [1mINSERT INTO "posts" ("date", "rationale", "created_at", "updated_at") VALUES ($1, $2, $3, $4) RETURNING "id"[0m  [["date", "2016-12-21"], ["rationale", "13 rationale content"], ["created_at", "2016-12-21 22:04:17.353096"], ["updated_at", "2016-12-21 22:04:17.353096"]]
  [1m[35m (0.3ms)[0m  COMMIT
  [1m[36m (0.1ms)[0m  [1mBEGIN[0m
  [1m[35mSQL (0.1ms)[0m  INSERT INTO "posts" ("date", "rationale", "created_at", "updated_at") VALUES ($1, $2, $3, $4) RETURNING "id"  [["date", "2016-12-21"], ["rationale", "14 rationale content"], ["created_at", "2016-12-21 22:04:17.354491"], ["updated_at", "2016-12-21 22:04:17.354491"]]
  [1m[36m (0.3ms)[0m  [1mCOMMIT[0m
  [1m[35m (0.1ms)[0m  BEGIN
  [1m[36mSQL (0.1ms)[0m  [1mINSERT INTO "posts" ("date", "rationale", "created_at", "updated_at") VALUES ($1, $2, $3, $4) RETURNING "id"[0m  [["date", "2016-12-21"], ["rationale", "15 rationale content"], ["created_at", "2016-12-21 22:04:17.355897"], ["updated_at", "2016-12-21 22:04:17.355897"]]
  [1m[35m (0.4ms)[0m  COMMIT
  [1m[36m (0.1ms)[0m  [1mBEGIN[0m
  [1m[35mSQL (0.2ms)[0m  INSERT INTO "posts" ("date", "rationale", "created_at", "updated_at") VALUES ($1, $2, $3, $4) RETURNING "id"  [["date", "2016-12-21"], ["rationale", "16 rationale content"], ["created_at", "2016-12-21 22:04:17.357439"], ["updated_at", "2016-12-21 22:04:17.357439"]]
  [1m[36m (0.5ms)[0m  [1mCOMMIT[0m
  [1m[35m (0.1ms)[0m  BEGIN
  [1m[36mSQL (0.2ms)[0m  [1mINSERT INTO "posts" ("date", "rationale", "created_at", "updated_at") VALUES ($1, $2, $3, $4) RETURNING "id"[0m  [["date", "2016-12-21"], ["rationale", "17 rationale content"], ["created_at", "2016-12-21 22:04:17.359437"], ["updated_at", "2016-12-21 22:04:17.359437"]]
  [1m[35m (0.4ms)[0m  COMMIT
  [1m[36m (0.1ms)[0m  [1mBEGIN[0m
  [1m[35mSQL (0.2ms)[0m  INSERT INTO "posts" ("date", "rationale", "created_at", "updated_at") VALUES ($1, $2, $3, $4) RETURNING "id"  [["date", "2016-12-21"], ["rationale", "18 rationale content"], ["created_at", "2016-12-21 22:04:17.361107"], ["updated_at", "2016-12-21 22:04:17.361107"]]
  [1m[36m (0.4ms)[0m  [1mCOMMIT[0m
  [1m[35m (0.1ms)[0m  BEGIN
  [1m[36mSQL (0.2ms)[0m  [1mINSERT INTO "posts" ("date", "rationale", "created_at", "updated_at") VALUES ($1, $2, $3, $4) RETURNING "id"[0m  [["date", "2016-12-21"], ["rationale", "19 rationale content"], ["created_at", "2016-12-21 22:04:17.362675"], ["updated_at", "2016-12-21 22:04:17.362675"]]
  [1m[35m (0.4ms)[0m  COMMIT
  [1m[36m (0.1ms)[0m  [1mBEGIN[0m
  [1m[35mSQL (0.2ms)[0m  INSERT INTO "posts" ("date", "rationale", "created_at", "updated_at") VALUES ($1, $2, $3, $4) RETURNING "id"  [["date", "2016-12-21"], ["rationale", "20 rationale content"], ["created_at", "2016-12-21 22:04:17.364350"], ["updated_at", "2016-12-21 22:04:17.364350"]]
  [1m[36m (0.4ms)[0m  [1mCOMMIT[0m
  [1m[35m (0.1ms)[0m  BEGIN
  [1m[36mSQL (0.2ms)[0m  [1mINSERT INTO "posts" ("date", "rationale", "created_at", "updated_at") VALUES ($1, $2, $3, $4) RETURNING "id"[0m  [["date", "2016-12-21"], ["rationale", "21 rationale content"], ["created_at", "2016-12-21 22:04:17.366034"], ["updated_at", "2016-12-21 22:04:17.366034"]]
  [1m[35m (0.4ms)[0m  COMMIT
  [1m[36m (0.1ms)[0m  [1mBEGIN[0m
  [1m[35mSQL (0.1ms)[0m  INSERT INTO "posts" ("date", "rationale", "created_at", "updated_at") VALUES ($1, $2, $3, $4) RETURNING "id"  [["date", "2016-12-21"], ["rationale", "22 rationale content"], ["created_at", "2016-12-21 22:04:17.367582"], ["updated_at", "2016-12-21 22:04:17.367582"]]
  [1m[36m (0.4ms)[0m  [1mCOMMIT[0m
  [1m[35m (0.1ms)[0m  BEGIN
  [1m[36mSQL (0.2ms)[0m  [1mINSERT INTO "posts" ("date", "rationale", "created_at", "updated_at") VALUES ($1, $2, $3, $4) RETURNING "id"[0m  [["date", "2016-12-21"], ["rationale", "23 rationale content"], ["created_at", "2016-12-21 22:04:17.369239"], ["updated_at", "2016-12-21 22:04:17.369239"]]
  [1m[35m (0.5ms)[0m  COMMIT
  [1m[36m (0.1ms)[0m  [1mBEGIN[0m
  [1m[35mSQL (0.2ms)[0m  INSERT INTO "posts" ("date", "rationale", "created_at", "updated_at") VALUES ($1, $2, $3, $4) RETURNING "id"  [["date", "2016-12-21"], ["rationale", "24 rationale content"], ["created_at", "2016-12-21 22:04:17.371162"], ["updated_at", "2016-12-21 22:04:17.371162"]]
  [1m[36m (0.4ms)[0m  [1mCOMMIT[0m
  [1m[35m (0.1ms)[0m  BEGIN
  [1m[36mSQL (0.1ms)[0m  [1mINSERT INTO "posts" ("date", "rationale", "created_at", "updated_at") VALUES ($1, $2, $3, $4) RETURNING "id"[0m  [["date", "2016-12-21"], ["rationale", "25 rationale content"], ["created_at", "2016-12-21 22:04:17.372902"], ["updated_at", "2016-12-21 22:04:17.372902"]]
  [1m[35m (0.5ms)[0m  COMMIT
  [1m[36m (0.1ms)[0m  [1mBEGIN[0m
  [1m[35mSQL (0.2ms)[0m  INSERT INTO "posts" ("date", "rationale", "created_at", "updated_at") VALUES ($1, $2, $3, $4) RETURNING "id"  [["date", "2016-12-21"], ["rationale", "26 rationale content"], ["created_at", "2016-12-21 22:04:17.374571"], ["updated_at", "2016-12-21 22:04:17.374571"]]
  [1m[36m (0.5ms)[0m  [1mCOMMIT[0m
  [1m[35m (0.1ms)[0m  BEGIN
  [1m[36mSQL (0.2ms)[0m  [1mINSERT INTO "posts" ("date", "rationale", "created_at", "updated_at") VALUES ($1, $2, $3, $4) RETURNING "id"[0m  [["date", "2016-12-21"], ["rationale", "27 rationale content"], ["created_at", "2016-12-21 22:04:17.376557"], ["updated_at", "2016-12-21 22:04:17.376557"]]
  [1m[35m (0.5ms)[0m  COMMIT
  [1m[36m (0.1ms)[0m  [1mBEGIN[0m
  [1m[35mSQL (0.2ms)[0m  INSERT INTO "posts" ("date", "rationale", "created_at", "updated_at") VALUES ($1, $2, $3, $4) RETURNING "id"  [["date", "2016-12-21"], ["rationale", "28 rationale content"], ["created_at", "2016-12-21 22:04:17.378655"], ["updated_at", "2016-12-21 22:04:17.378655"]]
  [1m[36m (0.5ms)[0m  [1mCOMMIT[0m
  [1m[35m (0.1ms)[0m  BEGIN
  [1m[36mSQL (0.2ms)[0m  [1mINSERT INTO "posts" ("date", "rationale", "created_at", "updated_at") VALUES ($1, $2, $3, $4) RETURNING "id"[0m  [["date", "2016-12-21"], ["rationale", "29 rationale content"], ["created_at", "2016-12-21 22:04:17.380758"], ["updated_at", "2016-12-21 22:04:17.380758"]]
  [1m[35m (0.5ms)[0m  COMMIT
  [1m[36m (0.1ms)[0m  [1mBEGIN[0m
  [1m[35mSQL (0.2ms)[0m  INSERT INTO "posts" ("date", "rationale", "created_at", "updated_at") VALUES ($1, $2, $3, $4) RETURNING "id"  [["date", "2016-12-21"], ["rationale", "30 rationale content"], ["created_at", "2016-12-21 22:04:17.382830"], ["updated_at", "2016-12-21 22:04:17.382830"]]
  [1m[36m (0.5ms)[0m  [1mCOMMIT[0m
  [1m[35m (0.1ms)[0m  BEGIN
  [1m[36mSQL (0.2ms)[0m  [1mINSERT INTO "posts" ("date", "rationale", "created_at", "updated_at") VALUES ($1, $2, $3, $4) RETURNING "id"[0m  [["date", "2016-12-21"], ["rationale", "31 rationale content"], ["created_at", "2016-12-21 22:04:17.385499"], ["updated_at", "2016-12-21 22:04:17.385499"]]
  [1m[35m (0.4ms)[0m  COMMIT
  [1m[36m (0.1ms)[0m  [1mBEGIN[0m
  [1m[35mSQL (0.2ms)[0m  INSERT INTO "posts" ("date", "rationale", "created_at", "updated_at") VALUES ($1, $2, $3, $4) RETURNING "id"  [["date", "2016-12-21"], ["rationale", "32 rationale content"], ["created_at", "2016-12-21 22:04:17.387546"], ["updated_at", "2016-12-21 22:04:17.387546"]]
  [1m[36m (0.4ms)[0m  [1mCOMMIT[0m
  [1m[35m (0.1ms)[0m  BEGIN
  [1m[36mSQL (0.2ms)[0m  [1mINSERT INTO "posts" ("date", "rationale", "created_at", "updated_at") VALUES ($1, $2, $3, $4) RETURNING "id"[0m  [["date", "2016-12-21"], ["rationale", "33 rationale content"], ["created_at", "2016-12-21 22:04:17.389359"], ["updated_at", "2016-12-21 22:04:17.389359"]]
  [1m[35m (0.4ms)[0m  COMMIT
  [1m[36m (0.1ms)[0m  [1mBEGIN[0m
  [1m[35mSQL (0.2ms)[0m  INSERT INTO "posts" ("date", "rationale", "created_at", "updated_at") VALUES ($1, $2, $3, $4) RETURNING "id"  [["date", "2016-12-21"], ["rationale", "34 rationale content"], ["created_at", "2016-12-21 22:04:17.391575"], ["updated_at", "2016-12-21 22:04:17.391575"]]
  [1m[36m (0.5ms)[0m  [1mCOMMIT[0m
  [1m[35m (0.1ms)[0m  BEGIN
  [1m[36mSQL (0.2ms)[0m  [1mINSERT INTO "posts" ("date", "rationale", "created_at", "updated_at") VALUES ($1, $2, $3, $4) RETURNING "id"[0m  [["date", "2016-12-21"], ["rationale", "35 rationale content"], ["created_at", "2016-12-21 22:04:17.393732"], ["updated_at", "2016-12-21 22:04:17.393732"]]
  [1m[35m (0.5ms)[0m  COMMIT
  [1m[36m (0.1ms)[0m  [1mBEGIN[0m
  [1m[35mSQL (0.2ms)[0m  INSERT INTO "posts" ("date", "rationale", "created_at", "updated_at") VALUES ($1, $2, $3, $4) RETURNING "id"  [["date", "2016-12-21"], ["rationale", "36 rationale content"], ["created_at", "2016-12-21 22:04:17.395888"], ["updated_at", "2016-12-21 22:04:17.395888"]]
  [1m[36m (0.5ms)[0m  [1mCOMMIT[0m
  [1m[35m (0.1ms)[0m  BEGIN
  [1m[36mSQL (0.2ms)[0m  [1mINSERT INTO "posts" ("date", "rationale", "created_at", "updated_at") VALUES ($1, $2, $3, $4) RETURNING "id"[0m  [["date", "2016-12-21"], ["rationale", "37 rationale content"], ["created_at", "2016-12-21 22:04:17.398360"], ["updated_at", "2016-12-21 22:04:17.398360"]]
  [1m[35m (0.5ms)[0m  COMMIT
  [1m[36m (0.1ms)[0m  [1mBEGIN[0m
  [1m[35mSQL (0.2ms)[0m  INSERT INTO "posts" ("date", "rationale", "created_at", "updated_at") VALUES ($1, $2, $3, $4) RETURNING "id"  [["date", "2016-12-21"], ["rationale", "38 rationale content"], ["created_at", "2016-12-21 22:04:17.400547"], ["updated_at", "2016-12-21 22:04:17.400547"]]
  [1m[36m (0.5ms)[0m  [1mCOMMIT[0m
  [1m[35m (0.1ms)[0m  BEGIN
  [1m[36mSQL (0.2ms)[0m  [1mINSERT INTO "posts" ("date", "rationale", "created_at", "updated_at") VALUES ($1, $2, $3, $4) RETURNING "id"[0m  [["date", "2016-12-21"], ["rationale", "39 rationale content"], ["created_at", "2016-12-21 22:04:17.402671"], ["updated_at", "2016-12-21 22:04:17.402671"]]
  [1m[35m (0.5ms)[0m  COMMIT
  [1m[36m (0.1ms)[0m  [1mBEGIN[0m
  [1m[35mSQL (0.2ms)[0m  INSERT INTO "posts" ("date", "rationale", "created_at", "updated_at") VALUES ($1, $2, $3, $4) RETURNING "id"  [["date", "2016-12-21"], ["rationale", "40 rationale content"], ["created_at", "2016-12-21 22:04:17.405154"], ["updated_at", "2016-12-21 22:04:17.405154"]]
  [1m[36m (0.4ms)[0m  [1mCOMMIT[0m
  [1m[35m (0.1ms)[0m  BEGIN
  [1m[36mSQL (0.2ms)[0m  [1mINSERT INTO "posts" ("date", "rationale", "created_at", "updated_at") VALUES ($1, $2, $3, $4) RETURNING "id"[0m  [["date", "2016-12-21"], ["rationale", "41 rationale content"], ["created_at", "2016-12-21 22:04:17.407203"], ["updated_at", "2016-12-21 22:04:17.407203"]]
  [1m[35m (0.4ms)[0m  COMMIT
  [1m[36m (0.1ms)[0m  [1mBEGIN[0m
  [1m[35mSQL (0.2ms)[0m  INSERT INTO "posts" ("date", "rationale", "created_at", "updated_at") VALUES ($1, $2, $3, $4) RETURNING "id"  [["date", "2016-12-21"], ["rationale", "42 rationale content"], ["created_at", "2016-12-21 22:04:17.409119"], ["updated_at", "2016-12-21 22:04:17.409119"]]
  [1m[36m (0.5ms)[0m  [1mCOMMIT[0m
  [1m[35m (0.1ms)[0m  BEGIN
  [1m[36mSQL (0.2ms)[0m  [1mINSERT INTO "posts" ("date", "rationale", "created_at", "updated_at") VALUES ($1, $2, $3, $4) RETURNING "id"[0m  [["date", "2016-12-21"], ["rationale", "43 rationale content"], ["created_at", "2016-12-21 22:04:17.411383"], ["updated_at", "2016-12-21 22:04:17.411383"]]
  [1m[35m (0.5ms)[0m  COMMIT
  [1m[36m (0.1ms)[0m  [1mBEGIN[0m
  [1m[35mSQL (0.2ms)[0m  INSERT INTO "posts" ("date", "rationale", "created_at", "updated_at") VALUES ($1, $2, $3, $4) RETURNING "id"  [["date", "2016-12-21"], ["rationale", "44 rationale content"], ["created_at", "2016-12-21 22:04:17.413588"], ["updated_at", "2016-12-21 22:04:17.413588"]]
  [1m[36m (0.5ms)[0m  [1mCOMMIT[0m
  [1m[35m (0.1ms)[0m  BEGIN
  [1m[36mSQL (0.3ms)[0m  [1mINSERT INTO "posts" ("date", "rationale", "created_at", "updated_at") VALUES ($1, $2, $3, $4) RETURNING "id"[0m  [["date", "2016-12-21"], ["rationale", "45 rationale content"], ["created_at", "2016-12-21 22:04:17.415819"], ["updated_at", "2016-12-21 22:04:17.415819"]]
  [1m[35m (0.5ms)[0m  COMMIT
  [1m[36m (0.1ms)[0m  [1mBEGIN[0m
  [1m[35mSQL (0.2ms)[0m  INSERT INTO "posts" ("date", "rationale", "created_at", "updated_at") VALUES ($1, $2, $3, $4) RETURNING "id"  [["date", "2016-12-21"], ["rationale", "46 rationale content"], ["created_at", "2016-12-21 22:04:17.418109"], ["updated_at", "2016-12-21 22:04:17.418109"]]
  [1m[36m (0.5ms)[0m  [1mCOMMIT[0m
  [1m[35m (0.1ms)[0m  BEGIN
  [1m[36mSQL (0.2ms)[0m  [1mINSERT INTO "posts" ("date", "rationale", "created_at", "updated_at") VALUES ($1, $2, $3, $4) RETURNING "id"[0m  [["date", "2016-12-21"], ["rationale", "47 rationale content"], ["created_at", "2016-12-21 22:04:17.420649"], ["updated_at", "2016-12-21 22:04:17.420649"]]
  [1m[35m (0.5ms)[0m  COMMIT
  [1m[36m (0.1ms)[0m  [1mBEGIN[0m
  [1m[35mSQL (0.2ms)[0m  INSERT INTO "posts" ("date", "rationale", "created_at", "updated_at") VALUES ($1, $2, $3, $4) RETURNING "id"  [["date", "2016-12-21"], ["rationale", "48 rationale content"], ["created_at", "2016-12-21 22:04:17.423025"], ["updated_at", "2016-12-21 22:04:17.423025"]]
  [1m[36m (0.5ms)[0m  [1mCOMMIT[0m
  [1m[35m (0.1ms)[0m  BEGIN
  [1m[36mSQL (0.7ms)[0m  [1mINSERT INTO "posts" ("date", "rationale", "created_at", "updated_at") VALUES ($1, $2, $3, $4) RETURNING "id"[0m  [["date", "2016-12-21"], ["rationale", "49 rationale content"], ["created_at", "2016-12-21 22:04:17.425332"], ["updated_at", "2016-12-21 22:04:17.425332"]]
  [1m[35m (0.4ms)[0m  COMMIT
  [1m[36m (0.1ms)[0m  [1mBEGIN[0m
  [1m[35mSQL (0.2ms)[0m  INSERT INTO "posts" ("date", "rationale", "created_at", "updated_at") VALUES ($1, $2, $3, $4) RETURNING "id"  [["date", "2016-12-21"], ["rationale", "50 rationale content"], ["created_at", "2016-12-21 22:04:17.427617"], ["updated_at", "2016-12-21 22:04:17.427617"]]
  [1m[36m (0.4ms)[0m  [1mCOMMIT[0m
  [1m[35m (0.1ms)[0m  BEGIN
  [1m[36mSQL (0.2ms)[0m  [1mINSERT INTO "posts" ("date", "rationale", "created_at", "updated_at") VALUES ($1, $2, $3, $4) RETURNING "id"[0m  [["date", "2016-12-21"], ["rationale", "51 rationale content"], ["created_at", "2016-12-21 22:04:17.429653"], ["updated_at", "2016-12-21 22:04:17.429653"]]
  [1m[35m (0.5ms)[0m  COMMIT
  [1m[36m (0.1ms)[0m  [1mBEGIN[0m
  [1m[35mSQL (0.2ms)[0m  INSERT INTO "posts" ("date", "rationale", "created_at", "updated_at") VALUES ($1, $2, $3, $4) RETURNING "id"  [["date", "2016-12-21"], ["rationale", "52 rationale content"], ["created_at", "2016-12-21 22:04:17.431932"], ["updated_at", "2016-12-21 22:04:17.431932"]]
  [1m[36m (0.5ms)[0m  [1mCOMMIT[0m
  [1m[35m (0.1ms)[0m  BEGIN
  [1m[36mSQL (0.2ms)[0m  [1mINSERT INTO "posts" ("date", "rationale", "created_at", "updated_at") VALUES ($1, $2, $3, $4) RETURNING "id"[0m  [["date", "2016-12-21"], ["rationale", "53 rationale content"], ["created_at", "2016-12-21 22:04:17.434316"], ["updated_at", "2016-12-21 22:04:17.434316"]]
  [1m[35m (0.5ms)[0m  COMMIT
  [1m[36m (0.1ms)[0m  [1mBEGIN[0m
  [1m[35mSQL (0.2ms)[0m  INSERT INTO "posts" ("date", "rationale", "created_at", "updated_at") VALUES ($1, $2, $3, $4) RETURNING "id"  [["date", "2016-12-21"], ["rationale", "54 rationale content"], ["created_at", "2016-12-21 22:04:17.436506"], ["updated_at", "2016-12-21 22:04:17.436506"]]
  [1m[36m (0.5ms)[0m  [1mCOMMIT[0m
  [1m[35m (0.1ms)[0m  BEGIN
  [1m[36mSQL (0.2ms)[0m  [1mINSERT INTO "posts" ("date", "rationale", "created_at", "updated_at") VALUES ($1, $2, $3, $4) RETURNING "id"[0m  [["date", "2016-12-21"], ["rationale", "55 rationale content"], ["created_at", "2016-12-21 22:04:17.438706"], ["updated_at", "2016-12-21 22:04:17.438706"]]
  [1m[35m (0.5ms)[0m  COMMIT
  [1m[36m (0.1ms)[0m  [1mBEGIN[0m
  [1m[35mSQL (0.3ms)[0m  INSERT INTO "posts" ("date", "rationale", "created_at", "updated_at") VALUES ($1, $2, $3, $4) RETURNING "id"  [["date", "2016-12-21"], ["rationale", "56 rationale content"], ["created_at", "2016-12-21 22:04:17.441215"], ["updated_at", "2016-12-21 22:04:17.441215"]]
  [1m[36m (0.5ms)[0m  [1mCOMMIT[0m
  [1m[35m (0.1ms)[0m  BEGIN
  [1m[36mSQL (0.2ms)[0m  [1mINSERT INTO "posts" ("date", "rationale", "created_at", "updated_at") VALUES ($1, $2, $3, $4) RETURNING "id"[0m  [["date", "2016-12-21"], ["rationale", "57 rationale content"], ["created_at", "2016-12-21 22:04:17.442956"], ["updated_at", "2016-12-21 22:04:17.442956"]]
  [1m[35m (0.4ms)[0m  COMMIT
  [1m[36m (0.1ms)[0m  [1mBEGIN[0m
  [1m[35mSQL (0.1ms)[0m  INSERT INTO "posts" ("date", "rationale", "created_at", "updated_at") VALUES ($1, $2, $3, $4) RETURNING "id"  [["date", "2016-12-21"], ["rationale", "58 rationale content"], ["created_at", "2016-12-21 22:04:17.444717"], ["updated_at", "2016-12-21 22:04:17.444717"]]
  [1m[36m (0.4ms)[0m  [1mCOMMIT[0m
  [1m[35m (0.1ms)[0m  BEGIN
  [1m[36mSQL (0.2ms)[0m  [1mINSERT INTO "posts" ("date", "rationale", "created_at", "updated_at") VALUES ($1, $2, $3, $4) RETURNING "id"[0m  [["date", "2016-12-21"], ["rationale", "59 rationale content"], ["created_at", "2016-12-21 22:04:17.446856"], ["updated_at", "2016-12-21 22:04:17.446856"]]
  [1m[35m (0.4ms)[0m  COMMIT
  [1m[36m (0.1ms)[0m  [1mBEGIN[0m
  [1m[35mSQL (0.2ms)[0m  INSERT INTO "posts" ("date", "rationale", "created_at", "updated_at") VALUES ($1, $2, $3, $4) RETURNING "id"  [["date", "2016-12-21"], ["rationale", "60 rationale content"], ["created_at", "2016-12-21 22:04:17.448720"], ["updated_at", "2016-12-21 22:04:17.448720"]]
  [1m[36m (0.5ms)[0m  [1mCOMMIT[0m
  [1m[35m (0.1ms)[0m  BEGIN
  [1m[36mSQL (0.2ms)[0m  [1mINSERT INTO "posts" ("date", "rationale", "created_at", "updated_at") VALUES ($1, $2, $3, $4) RETURNING "id"[0m  [["date", "2016-12-21"], ["rationale", "61 rationale content"], ["created_at", "2016-12-21 22:04:17.450856"], ["updated_at", "2016-12-21 22:04:17.450856"]]
  [1m[35m (0.5ms)[0m  COMMIT
  [1m[36m (0.1ms)[0m  [1mBEGIN[0m
  [1m[35mSQL (0.2ms)[0m  INSERT INTO "posts" ("date", "rationale", "created_at", "updated_at") VALUES ($1, $2, $3, $4) RETURNING "id"  [["date", "2016-12-21"], ["rationale", "62 rationale content"], ["created_at", "2016-12-21 22:04:17.453104"], ["updated_at", "2016-12-21 22:04:17.453104"]]
  [1m[36m (0.5ms)[0m  [1mCOMMIT[0m
  [1m[35m (0.1ms)[0m  BEGIN
  [1m[36mSQL (0.2ms)[0m  [1mINSERT INTO "posts" ("date", "rationale", "created_at", "updated_at") VALUES ($1, $2, $3, $4) RETURNING "id"[0m  [["date", "2016-12-21"], ["rationale", "63 rationale content"], ["created_at", "2016-12-21 22:04:17.455274"], ["updated_at", "2016-12-21 22:04:17.455274"]]
  [1m[35m (0.5ms)[0m  COMMIT
  [1m[36m (0.1ms)[0m  [1mBEGIN[0m
  [1m[35mSQL (0.2ms)[0m  INSERT INTO "posts" ("date", "rationale", "created_at", "updated_at") VALUES ($1, $2, $3, $4) RETURNING "id"  [["date", "2016-12-21"], ["rationale", "64 rationale content"], ["created_at", "2016-12-21 22:04:17.457461"], ["updated_at", "2016-12-21 22:04:17.457461"]]
  [1m[36m (0.5ms)[0m  [1mCOMMIT[0m
  [1m[35m (0.1ms)[0m  BEGIN
  [1m[36mSQL (0.2ms)[0m  [1mINSERT INTO "posts" ("date", "rationale", "created_at", "updated_at") VALUES ($1, $2, $3, $4) RETURNING "id"[0m  [["date", "2016-12-21"], ["rationale", "65 rationale content"], ["created_at", "2016-12-21 22:04:17.459550"], ["updated_at", "2016-12-21 22:04:17.459550"]]
  [1m[35m (0.4ms)[0m  COMMIT
  [1m[36m (0.1ms)[0m  [1mBEGIN[0m
  [1m[35mSQL (0.2ms)[0m  INSERT INTO "posts" ("date", "rationale", "created_at", "updated_at") VALUES ($1, $2, $3, $4) RETURNING "id"  [["date", "2016-12-21"], ["rationale", "66 rationale content"], ["created_at", "2016-12-21 22:04:17.461377"], ["updated_at", "2016-12-21 22:04:17.461377"]]
  [1m[36m (0.4ms)[0m  [1mCOMMIT[0m
  [1m[35m (0.1ms)[0m  BEGIN
  [1m[36mSQL (0.2ms)[0m  [1mINSERT INTO "posts" ("date", "rationale", "created_at", "updated_at") VALUES ($1, $2, $3, $4) RETURNING "id"[0m  [["date", "2016-12-21"], ["rationale", "67 rationale content"], ["created_at", "2016-12-21 22:04:17.463640"], ["updated_at", "2016-12-21 22:04:17.463640"]]
  [1m[35m (0.5ms)[0m  COMMIT
  [1m[36m (0.1ms)[0m  [1mBEGIN[0m
  [1m[35mSQL (0.2ms)[0m  INSERT INTO "posts" ("date", "rationale", "created_at", "updated_at") VALUES ($1, $2, $3, $4) RETURNING "id"  [["date", "2016-12-21"], ["rationale", "68 rationale content"], ["created_at", "2016-12-21 22:04:17.465912"], ["updated_at", "2016-12-21 22:04:17.465912"]]
  [1m[36m (0.5ms)[0m  [1mCOMMIT[0m
  [1m[35m (0.1ms)[0m  BEGIN
  [1m[36mSQL (0.2ms)[0m  [1mINSERT INTO "posts" ("date", "rationale", "created_at", "updated_at") VALUES ($1, $2, $3, $4) RETURNING "id"[0m  [["date", "2016-12-21"], ["rationale", "69 rationale content"], ["created_at", "2016-12-21 22:04:17.468088"], ["updated_at", "2016-12-21 22:04:17.468088"]]
  [1m[35m (0.5ms)[0m  COMMIT
  [1m[36m (0.1ms)[0m  [1mBEGIN[0m
  [1m[35mSQL (0.2ms)[0m  INSERT INTO "posts" ("date", "rationale", "created_at", "updated_at") VALUES ($1, $2, $3, $4) RETURNING "id"  [["date", "2016-12-21"], ["rationale", "70 rationale content"], ["created_at", "2016-12-21 22:04:17.470711"], ["updated_at", "2016-12-21 22:04:17.470711"]]
  [1m[36m (0.4ms)[0m  [1mCOMMIT[0m
  [1m[35m (0.1ms)[0m  BEGIN
  [1m[36mSQL (0.2ms)[0m  [1mINSERT INTO "posts" ("date", "rationale", "created_at", "updated_at") VALUES ($1, $2, $3, $4) RETURNING "id"[0m  [["date", "2016-12-21"], ["rationale", "71 rationale content"], ["created_at", "2016-12-21 22:04:17.472800"], ["updated_at", "2016-12-21 22:04:17.472800"]]
  [1m[35m (0.4ms)[0m  COMMIT
  [1m[36m (0.1ms)[0m  [1mBEGIN[0m
  [1m[35mSQL (0.2ms)[0m  INSERT INTO "posts" ("date", "rationale", "created_at", "updated_at") VALUES ($1, $2, $3, $4) RETURNING "id"  [["date", "2016-12-21"], ["rationale", "72 rationale content"], ["created_at", "2016-12-21 22:04:17.474859"], ["updated_at", "2016-12-21 22:04:17.474859"]]
  [1m[36m (0.4ms)[0m  [1mCOMMIT[0m
  [1m[35m (0.1ms)[0m  BEGIN
  [1m[36mSQL (0.2ms)[0m  [1mINSERT INTO "posts" ("date", "rationale", "created_at", "updated_at") VALUES ($1, $2, $3, $4) RETURNING "id"[0m  [["date", "2016-12-21"], ["rationale", "73 rationale content"], ["created_at", "2016-12-21 22:04:17.477291"], ["updated_at", "2016-12-21 22:04:17.477291"]]
  [1m[35m (0.5ms)[0m  COMMIT
  [1m[36m (0.1ms)[0m  [1mBEGIN[0m
  [1m[35mSQL (0.2ms)[0m  INSERT INTO "posts" ("date", "rationale", "created_at", "updated_at") VALUES ($1, $2, $3, $4) RETURNING "id"  [["date", "2016-12-21"], ["rationale", "74 rationale content"], ["created_at", "2016-12-21 22:04:17.479334"], ["updated_at", "2016-12-21 22:04:17.479334"]]
  [1m[36m (0.5ms)[0m  [1mCOMMIT[0m
  [1m[35m (0.1ms)[0m  BEGIN
  [1m[36mSQL (0.2ms)[0m  [1mINSERT INTO "posts" ("date", "rationale", "created_at", "updated_at") VALUES ($1, $2, $3, $4) RETURNING "id"[0m  [["date", "2016-12-21"], ["rationale", "75 rationale content"], ["created_at", "2016-12-21 22:04:17.481546"], ["updated_at", "2016-12-21 22:04:17.481546"]]
  [1m[35m (0.5ms)[0m  COMMIT
  [1m[36m (0.1ms)[0m  [1mBEGIN[0m
  [1m[35mSQL (0.2ms)[0m  INSERT INTO "posts" ("date", "rationale", "created_at", "updated_at") VALUES ($1, $2, $3, $4) RETURNING "id"  [["date", "2016-12-21"], ["rationale", "76 rationale content"], ["created_at", "2016-12-21 22:04:17.484235"], ["updated_at", "2016-12-21 22:04:17.484235"]]
  [1m[36m (0.5ms)[0m  [1mCOMMIT[0m
  [1m[35m (0.1ms)[0m  BEGIN
  [1m[36mSQL (0.2ms)[0m  [1mINSERT INTO "posts" ("date", "rationale", "created_at", "updated_at") VALUES ($1, $2, $3, $4) RETURNING "id"[0m  [["date", "2016-12-21"], ["rationale", "77 rationale content"], ["created_at", "2016-12-21 22:04:17.486164"], ["updated_at", "2016-12-21 22:04:17.486164"]]
  [1m[35m (0.4ms)[0m  COMMIT
  [1m[36m (0.1ms)[0m  [1mBEGIN[0m
  [1m[35mSQL (0.2ms)[0m  INSERT INTO "posts" ("date", "rationale", "created_at", "updated_at") VALUES ($1, $2, $3, $4) RETURNING "id"  [["date", "2016-12-21"], ["rationale", "78 rationale content"], ["created_at", "2016-12-21 22:04:17.488225"], ["updated_at", "2016-12-21 22:04:17.488225"]]
  [1m[36m (0.5ms)[0m  [1mCOMMIT[0m
  [1m[35m (0.1ms)[0m  BEGIN
  [1m[36mSQL (0.2ms)[0m  [1mINSERT INTO "posts" ("date", "rationale", "created_at", "updated_at") VALUES ($1, $2, $3, $4) RETURNING "id"[0m  [["date", "2016-12-21"], ["rationale", "79 rationale content"], ["created_at", "2016-12-21 22:04:17.490677"], ["updated_at", "2016-12-21 22:04:17.490677"]]
  [1m[35m (0.4ms)[0m  COMMIT
  [1m[36m (0.1ms)[0m  [1mBEGIN[0m
  [1m[35mSQL (0.2ms)[0m  INSERT INTO "posts" ("date", "rationale", "created_at", "updated_at") VALUES ($1, $2, $3, $4) RETURNING "id"  [["date", "2016-12-21"], ["rationale", "80 rationale content"], ["created_at", "2016-12-21 22:04:17.492855"], ["updated_at", "2016-12-21 22:04:17.492855"]]
  [1m[36m (0.4ms)[0m  [1mCOMMIT[0m
  [1m[35m (0.1ms)[0m  BEGIN
  [1m[36mSQL (0.2ms)[0m  [1mINSERT INTO "posts" ("date", "rationale", "created_at", "updated_at") VALUES ($1, $2, $3, $4) RETURNING "id"[0m  [["date", "2016-12-21"], ["rationale", "81 rationale content"], ["created_at", "2016-12-21 22:04:17.494853"], ["updated_at", "2016-12-21 22:04:17.494853"]]
  [1m[35m (0.5ms)[0m  COMMIT
  [1m[36m (0.1ms)[0m  [1mBEGIN[0m
  [1m[35mSQL (0.2ms)[0m  INSERT INTO "posts" ("date", "rationale", "created_at", "updated_at") VALUES ($1, $2, $3, $4) RETURNING "id"  [["date", "2016-12-21"], ["rationale", "82 rationale content"], ["created_at", "2016-12-21 22:04:17.497103"], ["updated_at", "2016-12-21 22:04:17.497103"]]
  [1m[36m (0.5ms)[0m  [1mCOMMIT[0m
  [1m[35m (0.1ms)[0m  BEGIN
  [1m[36mSQL (0.2ms)[0m  [1mINSERT INTO "posts" ("date", "rationale", "created_at", "updated_at") VALUES ($1, $2, $3, $4) RETURNING "id"[0m  [["date", "2016-12-21"], ["rationale", "83 rationale content"], ["created_at", "2016-12-21 22:04:17.499246"], ["updated_at", "2016-12-21 22:04:17.499246"]]
  [1m[35m (0.5ms)[0m  COMMIT
  [1m[36m (0.1ms)[0m  [1mBEGIN[0m
  [1m[35mSQL (0.2ms)[0m  INSERT INTO "posts" ("date", "rationale", "created_at", "updated_at") VALUES ($1, $2, $3, $4) RETURNING "id"  [["date", "2016-12-21"], ["rationale", "84 rationale content"], ["created_at", "2016-12-21 22:04:17.501856"], ["updated_at", "2016-12-21 22:04:17.501856"]]
  [1m[36m (0.5ms)[0m  [1mCOMMIT[0m
  [1m[35m (0.1ms)[0m  BEGIN
  [1m[36mSQL (0.2ms)[0m  [1mINSERT INTO "posts" ("date", "rationale", "created_at", "updated_at") VALUES ($1, $2, $3, $4) RETURNING "id"[0m  [["date", "2016-12-21"], ["rationale", "85 rationale content"], ["created_at", "2016-12-21 22:04:17.504048"], ["updated_at", "2016-12-21 22:04:17.504048"]]
  [1m[35m (0.5ms)[0m  COMMIT
  [1m[36m (0.1ms)[0m  [1mBEGIN[0m
  [1m[35mSQL (0.3ms)[0m  INSERT INTO "posts" ("date", "rationale", "created_at", "updated_at") VALUES ($1, $2, $3, $4) RETURNING "id"  [["date", "2016-12-21"], ["rationale", "86 rationale content"], ["created_at", "2016-12-21 22:04:17.506377"], ["updated_at", "2016-12-21 22:04:17.506377"]]
  [1m[36m (0.4ms)[0m  [1mCOMMIT[0m
  [1m[35m (0.1ms)[0m  BEGIN
  [1m[36mSQL (0.2ms)[0m  [1mINSERT INTO "posts" ("date", "rationale", "created_at", "updated_at") VALUES ($1, $2, $3, $4) RETURNING "id"[0m  [["date", "2016-12-21"], ["rationale", "87 rationale content"], ["created_at", "2016-12-21 22:04:17.508732"], ["updated_at", "2016-12-21 22:04:17.508732"]]
  [1m[35m (0.4ms)[0m  COMMIT
  [1m[36m (0.1ms)[0m  [1mBEGIN[0m
  [1m[35mSQL (0.2ms)[0m  INSERT INTO "posts" ("date", "rationale", "created_at", "updated_at") VALUES ($1, $2, $3, $4) RETURNING "id"  [["date", "2016-12-21"], ["rationale", "88 rationale content"], ["created_at", "2016-12-21 22:04:17.510882"], ["updated_at", "2016-12-21 22:04:17.510882"]]
  [1m[36m (0.5ms)[0m  [1mCOMMIT[0m
  [1m[35m (0.1ms)[0m  BEGIN
  [1m[36mSQL (0.2ms)[0m  [1mINSERT INTO "posts" ("date", "rationale", "created_at", "updated_at") VALUES ($1, $2, $3, $4) RETURNING "id"[0m  [["date", "2016-12-21"], ["rationale", "89 rationale content"], ["created_at", "2016-12-21 22:04:17.513133"], ["updated_at", "2016-12-21 22:04:17.513133"]]
  [1m[35m (0.5ms)[0m  COMMIT
  [1m[36m (0.1ms)[0m  [1mBEGIN[0m
  [1m[35mSQL (0.2ms)[0m  INSERT INTO "posts" ("date", "rationale", "created_at", "updated_at") VALUES ($1, $2, $3, $4) RETURNING "id"  [["date", "2016-12-21"], ["rationale", "90 rationale content"], ["created_at", "2016-12-21 22:04:17.515265"], ["updated_at", "2016-12-21 22:04:17.515265"]]
  [1m[36m (0.5ms)[0m  [1mCOMMIT[0m
  [1m[35m (0.1ms)[0m  BEGIN
  [1m[36mSQL (0.2ms)[0m  [1mINSERT INTO "posts" ("date", "rationale", "created_at", "updated_at") VALUES ($1, $2, $3, $4) RETURNING "id"[0m  [["date", "2016-12-21"], ["rationale", "91 rationale content"], ["created_at", "2016-12-21 22:04:17.517553"], ["updated_at", "2016-12-21 22:04:17.517553"]]
  [1m[35m (0.6ms)[0m  COMMIT
  [1m[36m (0.1ms)[0m  [1mBEGIN[0m
  [1m[35mSQL (0.2ms)[0m  INSERT INTO "posts" ("date", "rationale", "created_at", "updated_at") VALUES ($1, $2, $3, $4) RETURNING "id"  [["date", "2016-12-21"], ["rationale", "92 rationale content"], ["created_at", "2016-12-21 22:04:17.519889"], ["updated_at", "2016-12-21 22:04:17.519889"]]
  [1m[36m (0.5ms)[0m  [1mCOMMIT[0m
  [1m[35m (0.1ms)[0m  BEGIN
  [1m[36mSQL (0.2ms)[0m  [1mINSERT INTO "posts" ("date", "rationale", "created_at", "updated_at") VALUES ($1, $2, $3, $4) RETURNING "id"[0m  [["date", "2016-12-21"], ["rationale", "93 rationale content"], ["created_at", "2016-12-21 22:04:17.521981"], ["updated_at", "2016-12-21 22:04:17.521981"]]
  [1m[35m (0.4ms)[0m  COMMIT
  [1m[36m (0.1ms)[0m  [1mBEGIN[0m
  [1m[35mSQL (0.2ms)[0m  INSERT INTO "posts" ("date", "rationale", "created_at", "updated_at") VALUES ($1, $2, $3, $4) RETURNING "id"  [["date", "2016-12-21"], ["rationale", "94 rationale content"], ["created_at", "2016-12-21 22:04:17.523826"], ["updated_at", "2016-12-21 22:04:17.523826"]]
  [1m[36m (0.5ms)[0m  [1mCOMMIT[0m
  [1m[35m (0.1ms)[0m  BEGIN
  [1m[36mSQL (0.2ms)[0m  [1mINSERT INTO "posts" ("date", "rationale", "created_at", "updated_at") VALUES ($1, $2, $3, $4) RETURNING "id"[0m  [["date", "2016-12-21"], ["rationale", "95 rationale content"], ["created_at", "2016-12-21 22:04:17.525937"], ["updated_at", "2016-12-21 22:04:17.525937"]]
  [1m[35m (0.5ms)[0m  COMMIT
  [1m[36m (0.1ms)[0m  [1mBEGIN[0m
  [1m[35mSQL (0.2ms)[0m  INSERT INTO "posts" ("date", "rationale", "created_at", "updated_at") VALUES ($1, $2, $3, $4) RETURNING "id"  [["date", "2016-12-21"], ["rationale", "96 rationale content"], ["created_at", "2016-12-21 22:04:17.528267"], ["updated_at", "2016-12-21 22:04:17.528267"]]
  [1m[36m (0.5ms)[0m  [1mCOMMIT[0m
  [1m[35m (0.1ms)[0m  BEGIN
  [1m[36mSQL (0.2ms)[0m  [1mINSERT INTO "posts" ("date", "rationale", "created_at", "updated_at") VALUES ($1, $2, $3, $4) RETURNING "id"[0m  [["date", "2016-12-21"], ["rationale", "97 rationale content"], ["created_at", "2016-12-21 22:04:17.530711"], ["updated_at", "2016-12-21 22:04:17.530711"]]
  [1m[35m (0.5ms)[0m  COMMIT
  [1m[36m (0.1ms)[0m  [1mBEGIN[0m
  [1m[35mSQL (0.2ms)[0m  INSERT INTO "posts" ("date", "rationale", "created_at", "updated_at") VALUES ($1, $2, $3, $4) RETURNING "id"  [["date", "2016-12-21"], ["rationale", "98 rationale content"], ["created_at", "2016-12-21 22:04:17.532666"], ["updated_at", "2016-12-21 22:04:17.532666"]]
  [1m[36m (0.5ms)[0m  [1mCOMMIT[0m
  [1m[35m (0.1ms)[0m  BEGIN
  [1m[36mSQL (0.2ms)[0m  [1mINSERT INTO "posts" ("date", "rationale", "created_at", "updated_at") VALUES ($1, $2, $3, $4) RETURNING "id"[0m  [["date", "2016-12-21"], ["rationale", "99 rationale content"], ["created_at", "2016-12-21 22:04:17.535078"], ["updated_at", "2016-12-21 22:04:17.535078"]]
  [1m[35m (0.5ms)[0m  COMMIT


Started GET "/" for ::1 at 2016-12-21 15:04:50 -0700
  [1m[36mActiveRecord::SchemaMigration Load (0.4ms)[0m  [1mSELECT "schema_migrations".* FROM "schema_migrations"[0m
Processing by StaticController#homepage as HTML
Completed 401 Unauthorized in 18ms (ActiveRecord: 0.0ms)


Started GET "/users/sign_in" for ::1 at 2016-12-21 15:04:50 -0700
Processing by Devise::SessionsController#new as HTML
  Rendered devise/shared/_links.html.erb (1.6ms)
  Rendered devise/sessions/new.html.erb within layouts/application (24.0ms)
Completed 200 OK in 2244ms (Views: 2222.3ms | ActiveRecord: 3.9ms)


Started GET "/" for ::1 at 2016-12-21 15:04:52 -0700
Processing by StaticController#homepage as HTML
Completed 401 Unauthorized in 1ms (ActiveRecord: 0.0ms)


Started GET "/users/sign_in" for ::1 at 2016-12-21 15:04:52 -0700
Processing by Devise::SessionsController#new as HTML
  Rendered devise/shared/_links.html.erb (0.2ms)
  Rendered devise/sessions/new.html.erb within layouts/application (3.4ms)
Completed 200 OK in 44ms (Views: 43.4ms | ActiveRecord: 0.0ms)


Started GET "/assets/application.self-69704cfec923431276b88b73d07a01c32106f98dca98cf67340d4e298d00e30c.css?body=1" for ::1 at 2016-12-21 15:04:52 -0700


Started GET "/assets/jquery.self-660adc51e0224b731d29f575a6f1ec167ba08ad06ed5deca4f1e8654c135bf4c.js?body=1" for ::1 at 2016-12-21 15:04:52 -0700


Started GET "/assets/bootstrap/transition.self-6ad2488465135ab731a045a8ebbe3ea2fc501aed286042496eda1664fdd07ba9.js?body=1" for ::1 at 2016-12-21 15:04:52 -0700


Started GET "/assets/bootstrap/alert.self-742145c5bb847aafdadc6e339be795628f8bc25f177e851f03a8c42278eb0312.js?body=1" for ::1 at 2016-12-21 15:04:52 -0700


Started GET "/assets/bootstrap/button.self-126ac9bf0e7f2d8568f8da3a00fd5f0fac6eae0946331003370161fbf8d7975e.js?body=1" for ::1 at 2016-12-21 15:04:53 -0700


Started GET "/assets/bootstrap/carousel.self-e47323f363ceb3dc0bdbce05e36e709ed428e339833a41140a85cb0af24b8127.js?body=1" for ::1 at 2016-12-21 15:04:53 -0700


Started GET "/assets/bootstrap/collapse.self-2eb697f62b587bb786ff940d82dd4be88cdeeaf13ca128e3da3850c5fcaec301.js?body=1" for ::1 at 2016-12-21 15:04:53 -0700


Started GET "/assets/bootstrap/dropdown.self-561cca1cbaf67474e01e9536f106bad541594860a6df997004591c1c1957a147.js?body=1" for ::1 at 2016-12-21 15:04:53 -0700


Started GET "/assets/bootstrap/modal.self-3e78617ade5663314b7ee0ea10375a5b34d59ffbade44939e3f2a4e4ef2019b3.js?body=1" for ::1 at 2016-12-21 15:04:53 -0700


Started GET "/assets/bootstrap/tab.self-5bf7078b682f8b131332eefa46b45fa5eff2eca745fc0d03e2991450888f7c28.js?body=1" for ::1 at 2016-12-21 15:04:53 -0700


Started GET "/assets/bootstrap/affix.self-6d6f1a7fc5c8aabf3547fa1b794fab6268f54bc55ad815e55873c71f52513517.js?body=1" for ::1 at 2016-12-21 15:04:53 -0700


Started GET "/assets/bootstrap/scrollspy.self-969f3c5f48cdf1e439c7fa1154c13b948715f5c689f87837c0b64521d3b46ef6.js?body=1" for ::1 at 2016-12-21 15:04:53 -0700


Started GET "/assets/bootstrap/tooltip.self-05afb177e08f98997ccfc84fa08a215e4b27d48d5fe4d049080675e9dffd8199.js?body=1" for ::1 at 2016-12-21 15:04:53 -0700


Started GET "/assets/bootstrap/popover.self-0aa93860b59fe7393f1dd490f54b3cb994f9d6155adffce034d4e14ae361b041.js?body=1" for ::1 at 2016-12-21 15:04:53 -0700


Started GET "/assets/bootstrap-sprockets.self-fbfa5ad7d9aa0afe439ec4ff3883acc4cb92b62cb67c40d674320c9aa1d4642d.js?body=1" for ::1 at 2016-12-21 15:04:53 -0700


Started GET "/assets/jquery_ujs.self-e87806d0cf4489aeb1bb7288016024e8de67fd18db693fe026fe3907581e53cd.js?body=1" for ::1 at 2016-12-21 15:04:53 -0700


Started GET "/assets/application.self-f8806224e027f3e3f0138ea9ce99319e298dfdb323304d1f1be6eae8e8c74724.js?body=1" for ::1 at 2016-12-21 15:04:53 -0700


Started POST "/users/sign_in" for ::1 at 2016-12-21 15:05:14 -0700
Processing by Devise::SessionsController#create as HTML
  Parameters: {"utf8"=>"✓", "authenticity_token"=>"/ywOc9qDM5rXzy+mVzi1cb3wQl6sOxTHyGKkmbyQzByV0zCqefQO9GxFEv228zeM5+uMzr/YYhxeYsPBSC5HVA==", "user"=>{"email"=>"", "password"=>"[FILTERED]", "remember_me"=>"0"}, "commit"=>"Log in"}
Completed 401 Unauthorized in 1ms (ActiveRecord: 0.0ms)
Processing by Devise::SessionsController#new as HTML
  Parameters: {"utf8"=>"✓", "authenticity_token"=>"/ywOc9qDM5rXzy+mVzi1cb3wQl6sOxTHyGKkmbyQzByV0zCqefQO9GxFEv228zeM5+uMzr/YYhxeYsPBSC5HVA==", "user"=>{"email"=>"", "password"=>"[FILTERED]", "remember_me"=>"0"}, "commit"=>"Log in"}
  Rendered devise/shared/_links.html.erb (0.3ms)
  Rendered devise/sessions/new.html.erb within layouts/application (3.7ms)
Completed 200 OK in 47ms (Views: 45.6ms | ActiveRecord: 0.0ms)


Started GET "/" for ::1 at 2016-12-21 15:05:55 -0700
  [1m[36mActiveRecord::SchemaMigration Load (0.5ms)[0m  [1mSELECT "schema_migrations".* FROM "schema_migrations"[0m
Processing by StaticController#homepage as HTML
Completed 401 Unauthorized in 19ms (ActiveRecord: 0.0ms)


Started GET "/users/sign_in" for ::1 at 2016-12-21 15:05:56 -0700
Processing by Devise::SessionsController#new as HTML
  Rendered devise/shared/_links.html.erb (1.8ms)
  Rendered devise/sessions/new.html.erb within layouts/application (24.8ms)
Completed 200 OK in 392ms (Views: 367.9ms | ActiveRecord: 3.9ms)


Started GET "/posts" for ::1 at 2016-12-21 15:08:35 -0700
Processing by PostsController#index as HTML
Completed 401 Unauthorized in 1ms (ActiveRecord: 0.0ms)


Started GET "/users/sign_in" for ::1 at 2016-12-21 15:08:35 -0700
Processing by Devise::SessionsController#new as HTML
  Rendered devise/shared/_links.html.erb (0.4ms)
  Rendered devise/sessions/new.html.erb within layouts/application (5.1ms)
Completed 200 OK in 61ms (Views: 59.1ms | ActiveRecord: 0.0ms)


Started GET "/users/sign_up" for ::1 at 2016-12-21 15:08:50 -0700
Processing by Devise::RegistrationsController#new as HTML
  Rendered devise/shared/_links.html.erb (0.3ms)
  Rendered devise/registrations/new.html.erb within layouts/application (5.1ms)
Completed 200 OK in 132ms (Views: 131.1ms | ActiveRecord: 0.0ms)


Started POST "/users" for ::1 at 2016-12-21 15:09:06 -0700
Processing by Devise::RegistrationsController#create as HTML
  Parameters: {"utf8"=>"✓", "authenticity_token"=>"9V23Dvh7qPjA2PbivEZbJSMkHVcTITbmmQ5+v6PM4u6foonXWwyVlntSy7ldjdnYeT/TxwDCQD0PDhnnV3Jppg==", "user"=>{"email"=>"asdf@asdf.com", "password"=>"[FILTERED]", "password_confirmation"=>"[FILTERED]"}, "commit"=>"Sign up"}
  [1m[35m (0.2ms)[0m  BEGIN
  [1m[36mUser Exists (1.2ms)[0m  [1mSELECT  1 AS one FROM "users" WHERE "users"."email" = 'asdf@asdf.com' LIMIT 1[0m
  [1m[35m (0.1ms)[0m  ROLLBACK
  Rendered devise/shared/_links.html.erb (0.4ms)
  Rendered devise/registrations/new.html.erb within layouts/application (4.1ms)
Completed 200 OK in 206ms (Views: 45.6ms | ActiveRecord: 1.5ms)


Started GET "/posts" for ::1 at 2016-12-21 15:09:38 -0700
Processing by PostsController#index as HTML
Completed 401 Unauthorized in 1ms (ActiveRecord: 0.0ms)


Started GET "/users/sign_in" for ::1 at 2016-12-21 15:09:38 -0700
Processing by Devise::SessionsController#new as HTML
  Rendered devise/shared/_links.html.erb (0.3ms)
  Rendered devise/sessions/new.html.erb within layouts/application (3.3ms)
Completed 200 OK in 47ms (Views: 45.8ms | ActiveRecord: 0.0ms)


Started GET "/posts" for ::1 at 2016-12-21 15:09:45 -0700
Processing by PostsController#index as HTML
Completed 401 Unauthorized in 1ms (ActiveRecord: 0.0ms)


Started GET "/users/sign_in" for ::1 at 2016-12-21 15:09:45 -0700
Processing by Devise::SessionsController#new as HTML
  Rendered devise/shared/_links.html.erb (0.2ms)
  Rendered devise/sessions/new.html.erb within layouts/application (3.0ms)
Completed 200 OK in 47ms (Views: 45.9ms | ActiveRecord: 0.0ms)


Started GET "/posts/new" for ::1 at 2016-12-21 15:09:48 -0700
Processing by PostsController#new as HTML
Completed 401 Unauthorized in 1ms (ActiveRecord: 0.0ms)


Started GET "/users/sign_in" for ::1 at 2016-12-21 15:09:48 -0700
Processing by Devise::SessionsController#new as HTML
  Rendered devise/shared/_links.html.erb (0.3ms)
  Rendered devise/sessions/new.html.erb within layouts/application (3.7ms)
Completed 200 OK in 55ms (Views: 53.8ms | ActiveRecord: 0.0ms)


Started GET "/" for ::1 at 2016-12-21 15:10:11 -0700
Processing by StaticController#homepage as HTML
Completed 401 Unauthorized in 0ms (ActiveRecord: 0.0ms)


Started GET "/users/sign_in" for ::1 at 2016-12-21 15:10:11 -0700
Processing by Devise::SessionsController#new as HTML
  Rendered devise/shared/_links.html.erb (0.3ms)
  Rendered devise/sessions/new.html.erb within layouts/application (3.5ms)
Completed 200 OK in 52ms (Views: 51.3ms | ActiveRecord: 0.0ms)


Started GET "/" for ::1 at 2016-12-21 15:10:11 -0700
Processing by StaticController#homepage as HTML
Completed 401 Unauthorized in 0ms (ActiveRecord: 0.0ms)


Started GET "/users/sign_in" for ::1 at 2016-12-21 15:10:11 -0700
Processing by Devise::SessionsController#new as HTML
  Rendered devise/shared/_links.html.erb (0.2ms)
  Rendered devise/sessions/new.html.erb within layouts/application (3.0ms)
Completed 200 OK in 46ms (Views: 44.7ms | ActiveRecord: 0.0ms)


Started GET "/" for ::1 at 2016-12-21 15:10:16 -0700
Processing by StaticController#homepage as HTML
Completed 401 Unauthorized in 0ms (ActiveRecord: 0.0ms)


Started GET "/" for ::1 at 2016-12-21 15:10:17 -0700
Processing by StaticController#homepage as HTML
Completed 401 Unauthorized in 1ms (ActiveRecord: 0.0ms)


Started GET "/users/sign_in" for ::1 at 2016-12-21 15:10:17 -0700
Processing by Devise::SessionsController#new as HTML
  Rendered devise/shared/_links.html.erb (0.2ms)
  Rendered devise/sessions/new.html.erb within layouts/application (3.1ms)
Completed 200 OK in 45ms (Views: 44.1ms | ActiveRecord: 0.0ms)


Started GET "/" for ::1 at 2016-12-21 15:10:36 -0700
Processing by StaticController#homepage as HTML
Completed 401 Unauthorized in 0ms (ActiveRecord: 0.0ms)


Started GET "/users/sign_in" for ::1 at 2016-12-21 15:10:36 -0700
Processing by Devise::SessionsController#new as HTML
  Rendered devise/shared/_links.html.erb (0.2ms)
  Rendered devise/sessions/new.html.erb within layouts/application (2.9ms)
Completed 200 OK in 45ms (Views: 43.6ms | ActiveRecord: 0.0ms)


Started GET "/assets/application.self-69704cfec923431276b88b73d07a01c32106f98dca98cf67340d4e298d00e30c.css?body=1" for ::1 at 2016-12-21 15:10:36 -0700


Started GET "/assets/jquery.self-660adc51e0224b731d29f575a6f1ec167ba08ad06ed5deca4f1e8654c135bf4c.js?body=1" for ::1 at 2016-12-21 15:10:36 -0700


Started GET "/assets/bootstrap/transition.self-6ad2488465135ab731a045a8ebbe3ea2fc501aed286042496eda1664fdd07ba9.js?body=1" for ::1 at 2016-12-21 15:10:36 -0700


Started GET "/assets/bootstrap/alert.self-742145c5bb847aafdadc6e339be795628f8bc25f177e851f03a8c42278eb0312.js?body=1" for ::1 at 2016-12-21 15:10:36 -0700


Started GET "/assets/bootstrap/button.self-126ac9bf0e7f2d8568f8da3a00fd5f0fac6eae0946331003370161fbf8d7975e.js?body=1" for ::1 at 2016-12-21 15:10:36 -0700


Started GET "/assets/bootstrap/carousel.self-e47323f363ceb3dc0bdbce05e36e709ed428e339833a41140a85cb0af24b8127.js?body=1" for ::1 at 2016-12-21 15:10:36 -0700


Started GET "/assets/bootstrap/collapse.self-2eb697f62b587bb786ff940d82dd4be88cdeeaf13ca128e3da3850c5fcaec301.js?body=1" for ::1 at 2016-12-21 15:10:36 -0700


Started GET "/assets/bootstrap/dropdown.self-561cca1cbaf67474e01e9536f106bad541594860a6df997004591c1c1957a147.js?body=1" for ::1 at 2016-12-21 15:10:36 -0700


Started GET "/assets/bootstrap/modal.self-3e78617ade5663314b7ee0ea10375a5b34d59ffbade44939e3f2a4e4ef2019b3.js?body=1" for ::1 at 2016-12-21 15:10:36 -0700


Started GET "/assets/bootstrap/tab.self-5bf7078b682f8b131332eefa46b45fa5eff2eca745fc0d03e2991450888f7c28.js?body=1" for ::1 at 2016-12-21 15:10:36 -0700


Started GET "/assets/bootstrap/affix.self-6d6f1a7fc5c8aabf3547fa1b794fab6268f54bc55ad815e55873c71f52513517.js?body=1" for ::1 at 2016-12-21 15:10:36 -0700


Started GET "/assets/bootstrap/scrollspy.self-969f3c5f48cdf1e439c7fa1154c13b948715f5c689f87837c0b64521d3b46ef6.js?body=1" for ::1 at 2016-12-21 15:10:36 -0700


Started GET "/assets/bootstrap/tooltip.self-05afb177e08f98997ccfc84fa08a215e4b27d48d5fe4d049080675e9dffd8199.js?body=1" for ::1 at 2016-12-21 15:10:36 -0700


Started GET "/assets/bootstrap/popover.self-0aa93860b59fe7393f1dd490f54b3cb994f9d6155adffce034d4e14ae361b041.js?body=1" for ::1 at 2016-12-21 15:10:36 -0700


Started GET "/assets/bootstrap-sprockets.self-fbfa5ad7d9aa0afe439ec4ff3883acc4cb92b62cb67c40d674320c9aa1d4642d.js?body=1" for ::1 at 2016-12-21 15:10:36 -0700


Started GET "/assets/jquery_ujs.self-e87806d0cf4489aeb1bb7288016024e8de67fd18db693fe026fe3907581e53cd.js?body=1" for ::1 at 2016-12-21 15:10:36 -0700


Started GET "/assets/turbolinks.self-c5acd7a204f5f25ce7a1d8a0e4d92e28d34c9e2df2c7371cd7af88e147e4ad82.js?body=1" for ::1 at 2016-12-21 15:10:36 -0700


Started GET "/assets/posts.self-877aef30ae1b040ab8a3aba4e3e309a11d7f2612f44dde450b5c157aa5f95c05.js?body=1" for ::1 at 2016-12-21 15:10:36 -0700


Started GET "/assets/application.self-f8806224e027f3e3f0138ea9ce99319e298dfdb323304d1f1be6eae8e8c74724.js?body=1" for ::1 at 2016-12-21 15:10:36 -0700


Started GET "/" for ::1 at 2016-12-21 15:10:47 -0700
Processing by StaticController#homepage as HTML
Completed 401 Unauthorized in 0ms (ActiveRecord: 0.0ms)


Started GET "/users/sign_in" for ::1 at 2016-12-21 15:10:47 -0700
Processing by Devise::SessionsController#new as HTML
  Rendered devise/shared/_links.html.erb (0.3ms)
  Rendered devise/sessions/new.html.erb within layouts/application (2.9ms)
Completed 200 OK in 47ms (Views: 46.1ms | ActiveRecord: 0.0ms)


Started GET "/" for ::1 at 2016-12-21 15:10:47 -0700
Processing by StaticController#homepage as HTML
Completed 401 Unauthorized in 1ms (ActiveRecord: 0.0ms)


Started GET "/users/sign_in" for ::1 at 2016-12-21 15:10:47 -0700
Processing by Devise::SessionsController#new as HTML
  Rendered devise/shared/_links.html.erb (0.2ms)
  Rendered devise/sessions/new.html.erb within layouts/application (2.9ms)
Completed 200 OK in 48ms (Views: 47.3ms | ActiveRecord: 0.0ms)


Started GET "/posts" for ::1 at 2016-12-21 15:10:52 -0700
Processing by PostsController#index as HTML
Completed 401 Unauthorized in 1ms (ActiveRecord: 0.0ms)


Started GET "/users/sign_in" for ::1 at 2016-12-21 15:10:52 -0700
Processing by Devise::SessionsController#new as HTML
  Rendered devise/shared/_links.html.erb (0.3ms)
  Rendered devise/sessions/new.html.erb within layouts/application (3.1ms)
Completed 200 OK in 43ms (Views: 42.0ms | ActiveRecord: 0.0ms)


Started GET "/users/sign_in" for ::1 at 2016-12-21 15:11:55 -0700
Processing by Devise::SessionsController#new as HTML
  Rendered devise/shared/_links.html.erb (0.3ms)
  Rendered devise/sessions/new.html.erb within layouts/application (3.7ms)
Completed 200 OK in 45ms (Views: 44.4ms | ActiveRecord: 0.0ms)
